{"D:\\Development\\SubliPrintShop\\backend-subli-print\\dist\\app.module.d.ts": {"path":"D:\\Development\\SubliPrintShop\\backend-subli-print\\dist\\app.module.d.ts","statementMap":{},"fnMap":{},"branchMap":{},"s":{},"f":{},"b":{}}
,"D:\\Development\\SubliPrintShop\\backend-subli-print\\dist\\app.module.js": {"path":"D:\\Development\\SubliPrintShop\\backend-subli-print\\dist\\app.module.js","statementMap":{"0":{"start":{"line":2,"column":17},"end":{"line":7,"column":1}},"1":{"start":{"line":3,"column":12},"end":{"line":3,"column":28}},"2":{"start":{"line":3,"column":34},"end":{"line":3,"column":125}},"3":{"start":{"line":4,"column":4},"end":{"line":5,"column":150}},"4":{"start":{"line":4,"column":79},"end":{"line":4,"column":131}},"5":{"start":{"line":5,"column":9},"end":{"line":5,"column":150}},"6":{"start":{"line":5,"column":22},"end":{"line":5,"column":43}},"7":{"start":{"line":5,"column":58},"end":{"line":5,"column":150}},"8":{"start":{"line":5,"column":81},"end":{"line":5,"column":150}},"9":{"start":{"line":6,"column":4},"end":{"line":6,"column":66}},"10":{"start":{"line":8,"column":0},"end":{"line":8,"column":62}},"11":{"start":{"line":9,"column":0},"end":{"line":9,"column":27}},"12":{"start":{"line":10,"column":17},"end":{"line":10,"column":42}},"13":{"start":{"line":11,"column":15},"end":{"line":11,"column":38}},"14":{"start":{"line":12,"column":20},"end":{"line":12,"column":48}},"15":{"start":{"line":13,"column":34},"end":{"line":13,"column":78}},"16":{"start":{"line":14,"column":22},"end":{"line":14,"column":59}},"17":{"start":{"line":15,"column":23},"end":{"line":15,"column":62}},"18":{"start":{"line":16,"column":25},"end":{"line":16,"column":60}},"19":{"start":{"line":17,"column":25},"end":{"line":17,"column":60}},"20":{"start":{"line":18,"column":38},"end":{"line":18,"column":93}},"21":{"start":{"line":19,"column":30},"end":{"line":19,"column":76}},"22":{"start":{"line":20,"column":31},"end":{"line":20,"column":79}},"23":{"start":{"line":21,"column":26},"end":{"line":21,"column":59}},"24":{"start":{"line":22,"column":15},"end":{"line":22,"column":39}},"25":{"start":{"line":23,"column":16},"end":{"line":24,"column":1}},"26":{"start":{"line":25,"column":0},"end":{"line":25,"column":30}},"27":{"start":{"line":26,"column":0},"end":{"line":72,"column":14}}},"fnMap":{"0":{"name":"(anonymous_0)","decl":{"start":{"line":2,"column":46},"end":{"line":2,"column":47}},"loc":{"start":{"line":2,"column":87},"end":{"line":7,"column":1}},"line":2}},"branchMap":{"0":{"loc":{"start":{"line":2,"column":17},"end":{"line":7,"column":1}},"type":"binary-expr","locations":[{"start":{"line":2,"column":18},"end":{"line":2,"column":22}},{"start":{"line":2,"column":26},"end":{"line":2,"column":41}},{"start":{"line":2,"column":46},"end":{"line":7,"column":1}}],"line":2},"1":{"loc":{"start":{"line":3,"column":34},"end":{"line":3,"column":125}},"type":"cond-expr","locations":[{"start":{"line":3,"column":42},"end":{"line":3,"column":48}},{"start":{"line":3,"column":51},"end":{"line":3,"column":125}}],"line":3},"2":{"loc":{"start":{"line":3,"column":51},"end":{"line":3,"column":125}},"type":"cond-expr","locations":[{"start":{"line":3,"column":67},"end":{"line":3,"column":118}},{"start":{"line":3,"column":121},"end":{"line":3,"column":125}}],"line":3},"3":{"loc":{"start":{"line":4,"column":4},"end":{"line":5,"column":150}},"type":"if","locations":[{"start":{"line":4,"column":4},"end":{"line":5,"column":150}},{"start":{"line":5,"column":9},"end":{"line":5,"column":150}}],"line":4},"4":{"loc":{"start":{"line":4,"column":8},"end":{"line":4,"column":77}},"type":"binary-expr","locations":[{"start":{"line":4,"column":8},"end":{"line":4,"column":35}},{"start":{"line":4,"column":39},"end":{"line":4,"column":77}}],"line":4},"5":{"loc":{"start":{"line":5,"column":58},"end":{"line":5,"column":150}},"type":"if","locations":[{"start":{"line":5,"column":58},"end":{"line":5,"column":150}},{"start":{},"end":{}}],"line":5},"6":{"loc":{"start":{"line":5,"column":85},"end":{"line":5,"column":149}},"type":"binary-expr","locations":[{"start":{"line":5,"column":86},"end":{"line":5,"column":143}},{"start":{"line":5,"column":148},"end":{"line":5,"column":149}}],"line":5},"7":{"loc":{"start":{"line":5,"column":86},"end":{"line":5,"column":143}},"type":"cond-expr","locations":[{"start":{"line":5,"column":94},"end":{"line":5,"column":98}},{"start":{"line":5,"column":101},"end":{"line":5,"column":143}}],"line":5},"8":{"loc":{"start":{"line":5,"column":101},"end":{"line":5,"column":143}},"type":"cond-expr","locations":[{"start":{"line":5,"column":109},"end":{"line":5,"column":126}},{"start":{"line":5,"column":129},"end":{"line":5,"column":143}}],"line":5},"9":{"loc":{"start":{"line":6,"column":11},"end":{"line":6,"column":62}},"type":"binary-expr","locations":[{"start":{"line":6,"column":11},"end":{"line":6,"column":16}},{"start":{"line":6,"column":20},"end":{"line":6,"column":21}},{"start":{"line":6,"column":25},"end":{"line":6,"column":62}}],"line":6}},"s":{"0":0,"1":0,"2":0,"3":0,"4":0,"5":0,"6":0,"7":0,"8":0,"9":0,"10":0,"11":0,"12":0,"13":0,"14":0,"15":0,"16":0,"17":0,"18":0,"19":0,"20":0,"21":0,"22":0,"23":0,"24":0,"25":0,"26":0,"27":0},"f":{"0":0},"b":{"0":[0,0,0],"1":[0,0],"2":[0,0],"3":[0,0],"4":[0,0],"5":[0,0],"6":[0,0],"7":[0,0],"8":[0,0],"9":[0,0,0]}}
,"D:\\Development\\SubliPrintShop\\backend-subli-print\\dist\\main.d.ts": {"path":"D:\\Development\\SubliPrintShop\\backend-subli-print\\dist\\main.d.ts","statementMap":{},"fnMap":{},"branchMap":{},"s":{},"f":{},"b":{}}
,"D:\\Development\\SubliPrintShop\\backend-subli-print\\dist\\main.js": {"path":"D:\\Development\\SubliPrintShop\\backend-subli-print\\dist\\main.js","statementMap":{"0":{"start":{"line":2,"column":0},"end":{"line":2,"column":62}},"1":{"start":{"line":3,"column":15},"end":{"line":3,"column":38}},"2":{"start":{"line":4,"column":17},"end":{"line":4,"column":42}},"3":{"start":{"line":5,"column":18},"end":{"line":5,"column":36}},"4":{"start":{"line":6,"column":21},"end":{"line":6,"column":45}},"5":{"start":{"line":7,"column":15},"end":{"line":7,"column":39}},"6":{"start":{"line":8,"column":21},"end":{"line":8,"column":44}},"7":{"start":{"line":9,"column":18},"end":{"line":9,"column":44}},"8":{"start":{"line":10,"column":23},"end":{"line":10,"column":55}},"9":{"start":{"line":11,"column":24},"end":{"line":11,"column":57}},"10":{"start":{"line":12,"column":29},"end":{"line":12,"column":79}},"11":{"start":{"line":13,"column":22},"end":{"line":13,"column":53}},"12":{"start":{"line":14,"column":25},"end":{"line":14,"column":59}},"13":{"start":{"line":15,"column":22},"end":{"line":15,"column":53}},"14":{"start":{"line":17,"column":19},"end":{"line":17,"column":45}},"15":{"start":{"line":18,"column":16},"end":{"line":18,"column":71}},"16":{"start":{"line":19,"column":4},"end":{"line":19,"column":36}},"17":{"start":{"line":20,"column":4},"end":{"line":20,"column":61}},"18":{"start":{"line":21,"column":4},"end":{"line":21,"column":46}},"19":{"start":{"line":22,"column":4},"end":{"line":22,"column":28}},"20":{"start":{"line":23,"column":4},"end":{"line":23,"column":52}},"21":{"start":{"line":24,"column":4},"end":{"line":24,"column":53}},"22":{"start":{"line":25,"column":4},"end":{"line":25,"column":46}},"23":{"start":{"line":26,"column":4},"end":{"line":26,"column":52}},"24":{"start":{"line":27,"column":4},"end":{"line":27,"column":74}},"25":{"start":{"line":28,"column":4},"end":{"line":31,"column":7}},"26":{"start":{"line":29,"column":8},"end":{"line":29,"column":40}},"27":{"start":{"line":30,"column":8},"end":{"line":30,"column":15}},"28":{"start":{"line":32,"column":28},"end":{"line":32,"column":109}},"29":{"start":{"line":32,"column":34},"end":{"line":32,"column":109}},"30":{"start":{"line":33,"column":4},"end":{"line":33,"column":67}},"31":{"start":{"line":34,"column":4},"end":{"line":34,"column":39}},"32":{"start":{"line":35,"column":4},"end":{"line":35,"column":82}},"33":{"start":{"line":37,"column":0},"end":{"line":37,"column":17}}},"fnMap":{"0":{"name":"bootstrap","decl":{"start":{"line":16,"column":15},"end":{"line":16,"column":24}},"loc":{"start":{"line":16,"column":27},"end":{"line":36,"column":1}},"line":16},"1":{"name":"(anonymous_1)","decl":{"start":{"line":28,"column":12},"end":{"line":28,"column":13}},"loc":{"start":{"line":28,"column":32},"end":{"line":31,"column":5}},"line":28},"2":{"name":"(anonymous_2)","decl":{"start":{"line":32,"column":28},"end":{"line":32,"column":29}},"loc":{"start":{"line":32,"column":34},"end":{"line":32,"column":109}},"line":32}},"branchMap":{"0":{"loc":{"start":{"line":29,"column":22},"end":{"line":29,"column":39}},"type":"binary-expr","locations":[{"start":{"line":29,"column":22},"end":{"line":29,"column":33}},{"start":{"line":29,"column":37},"end":{"line":29,"column":39}}],"line":29}},"s":{"0":0,"1":0,"2":0,"3":0,"4":0,"5":0,"6":0,"7":0,"8":0,"9":0,"10":0,"11":0,"12":0,"13":0,"14":0,"15":0,"16":0,"17":0,"18":0,"19":0,"20":0,"21":0,"22":0,"23":0,"24":0,"25":0,"26":0,"27":0,"28":0,"29":0,"30":0,"31":0,"32":0,"33":0},"f":{"0":0,"1":0,"2":0},"b":{"0":[0,0]}}
,"D:\\Development\\SubliPrintShop\\backend-subli-print\\dist\\common\\constants\\auth-provider.d.ts": {"path":"D:\\Development\\SubliPrintShop\\backend-subli-print\\dist\\common\\constants\\auth-provider.d.ts","statementMap":{},"fnMap":{},"branchMap":{},"s":{},"f":{},"b":{}}
,"D:\\Development\\SubliPrintShop\\backend-subli-print\\dist\\common\\constants\\auth-provider.js": {"path":"D:\\Development\\SubliPrintShop\\backend-subli-print\\dist\\common\\constants\\auth-provider.js","statementMap":{"0":{"start":{"line":2,"column":0},"end":{"line":2,"column":62}},"1":{"start":{"line":3,"column":0},"end":{"line":3,"column":31}},"2":{"start":{"line":4,"column":0},"end":{"line":4,"column":44}}},"fnMap":{},"branchMap":{},"s":{"0":0,"1":0,"2":0},"f":{},"b":{}}
,"D:\\Development\\SubliPrintShop\\backend-subli-print\\dist\\common\\constants\\roles..d.ts": {"path":"D:\\Development\\SubliPrintShop\\backend-subli-print\\dist\\common\\constants\\roles..d.ts","statementMap":{},"fnMap":{},"branchMap":{},"s":{},"f":{},"b":{}}
,"D:\\Development\\SubliPrintShop\\backend-subli-print\\dist\\common\\constants\\roles..js": {"path":"D:\\Development\\SubliPrintShop\\backend-subli-print\\dist\\common\\constants\\roles..js","statementMap":{"0":{"start":{"line":2,"column":0},"end":{"line":2,"column":62}},"1":{"start":{"line":3,"column":0},"end":{"line":3,"column":23}},"2":{"start":{"line":4,"column":0},"end":{"line":4,"column":47}}},"fnMap":{},"branchMap":{},"s":{"0":0,"1":0,"2":0},"f":{},"b":{}}
,"D:\\Development\\SubliPrintShop\\backend-subli-print\\dist\\common\\decorators\\get-user.decorator.d.ts": {"path":"D:\\Development\\SubliPrintShop\\backend-subli-print\\dist\\common\\decorators\\get-user.decorator.d.ts","statementMap":{},"fnMap":{},"branchMap":{},"s":{},"f":{},"b":{}}
,"D:\\Development\\SubliPrintShop\\backend-subli-print\\dist\\common\\decorators\\get-user.decorator.js": {"path":"D:\\Development\\SubliPrintShop\\backend-subli-print\\dist\\common\\decorators\\get-user.decorator.js","statementMap":{"0":{"start":{"line":2,"column":0},"end":{"line":2,"column":62}},"1":{"start":{"line":3,"column":0},"end":{"line":3,"column":25}},"2":{"start":{"line":4,"column":17},"end":{"line":4,"column":42}},"3":{"start":{"line":5,"column":18},"end":{"line":5,"column":44}},"4":{"start":{"line":6,"column":0},"end":{"line":15,"column":3}},"5":{"start":{"line":7,"column":20},"end":{"line":7,"column":37}},"6":{"start":{"line":8,"column":4},"end":{"line":11,"column":5}},"7":{"start":{"line":9,"column":20},"end":{"line":9,"column":55}},"8":{"start":{"line":10,"column":8},"end":{"line":10,"column":24}},"9":{"start":{"line":12,"column":16},"end":{"line":12,"column":61}},"10":{"start":{"line":13,"column":16},"end":{"line":13,"column":36}},"11":{"start":{"line":14,"column":4},"end":{"line":14,"column":20}}},"fnMap":{"0":{"name":"(anonymous_0)","decl":{"start":{"line":6,"column":53},"end":{"line":6,"column":54}},"loc":{"start":{"line":6,"column":73},"end":{"line":15,"column":1}},"line":6}},"branchMap":{"0":{"loc":{"start":{"line":8,"column":4},"end":{"line":11,"column":5}},"type":"if","locations":[{"start":{"line":8,"column":4},"end":{"line":11,"column":5}},{"start":{},"end":{}}],"line":8}},"s":{"0":0,"1":0,"2":0,"3":0,"4":0,"5":0,"6":0,"7":0,"8":0,"9":0,"10":0,"11":0},"f":{"0":0},"b":{"0":[0,0]}}
,"D:\\Development\\SubliPrintShop\\backend-subli-print\\dist\\common\\decorators\\match.decorator.d.ts": {"path":"D:\\Development\\SubliPrintShop\\backend-subli-print\\dist\\common\\decorators\\match.decorator.d.ts","statementMap":{},"fnMap":{},"branchMap":{},"s":{},"f":{},"b":{}}
,"D:\\Development\\SubliPrintShop\\backend-subli-print\\dist\\common\\decorators\\match.decorator.js": {"path":"D:\\Development\\SubliPrintShop\\backend-subli-print\\dist\\common\\decorators\\match.decorator.js","statementMap":{"0":{"start":{"line":2,"column":0},"end":{"line":2,"column":62}},"1":{"start":{"line":3,"column":0},"end":{"line":3,"column":22}},"2":{"start":{"line":4,"column":26},"end":{"line":4,"column":52}},"3":{"start":{"line":6,"column":4},"end":{"line":28,"column":6}},"4":{"start":{"line":7,"column":8},"end":{"line":27,"column":11}},"5":{"start":{"line":15,"column":50},"end":{"line":15,"column":66}},"6":{"start":{"line":16,"column":41},"end":{"line":16,"column":73}},"7":{"start":{"line":17,"column":20},"end":{"line":19,"column":21}},"8":{"start":{"line":18,"column":24},"end":{"line":18,"column":36}},"9":{"start":{"line":20,"column":20},"end":{"line":20,"column":50}},"10":{"start":{"line":23,"column":50},"end":{"line":23,"column":66}},"11":{"start":{"line":24,"column":20},"end":{"line":24,"column":84}}},"fnMap":{"0":{"name":"Match","decl":{"start":{"line":5,"column":9},"end":{"line":5,"column":14}},"loc":{"start":{"line":5,"column":44},"end":{"line":29,"column":1}},"line":5},"1":{"name":"(anonymous_1)","decl":{"start":{"line":6,"column":11},"end":{"line":6,"column":12}},"loc":{"start":{"line":6,"column":43},"end":{"line":28,"column":5}},"line":6},"2":{"name":"(anonymous_2)","decl":{"start":{"line":14,"column":16},"end":{"line":14,"column":17}},"loc":{"start":{"line":14,"column":38},"end":{"line":21,"column":17}},"line":14},"3":{"name":"(anonymous_3)","decl":{"start":{"line":22,"column":16},"end":{"line":22,"column":17}},"loc":{"start":{"line":22,"column":37},"end":{"line":25,"column":17}},"line":22}},"branchMap":{"0":{"loc":{"start":{"line":17,"column":20},"end":{"line":19,"column":21}},"type":"if","locations":[{"start":{"line":17,"column":20},"end":{"line":19,"column":21}},{"start":{},"end":{}}],"line":17},"1":{"loc":{"start":{"line":17,"column":24},"end":{"line":17,"column":73}},"type":"binary-expr","locations":[{"start":{"line":17,"column":24},"end":{"line":17,"column":43}},{"start":{"line":17,"column":47},"end":{"line":17,"column":73}}],"line":17}},"s":{"0":0,"1":0,"2":0,"3":0,"4":0,"5":0,"6":0,"7":0,"8":0,"9":0,"10":0,"11":0},"f":{"0":0,"1":0,"2":0,"3":0},"b":{"0":[0,0],"1":[0,0]}}
,"D:\\Development\\SubliPrintShop\\backend-subli-print\\dist\\common\\decorators\\no-match.decorator.d.ts": {"path":"D:\\Development\\SubliPrintShop\\backend-subli-print\\dist\\common\\decorators\\no-match.decorator.d.ts","statementMap":{},"fnMap":{},"branchMap":{},"s":{},"f":{},"b":{}}
,"D:\\Development\\SubliPrintShop\\backend-subli-print\\dist\\common\\decorators\\no-match.decorator.js": {"path":"D:\\Development\\SubliPrintShop\\backend-subli-print\\dist\\common\\decorators\\no-match.decorator.js","statementMap":{"0":{"start":{"line":2,"column":0},"end":{"line":2,"column":62}},"1":{"start":{"line":3,"column":0},"end":{"line":3,"column":28}},"2":{"start":{"line":4,"column":26},"end":{"line":4,"column":52}},"3":{"start":{"line":6,"column":4},"end":{"line":28,"column":6}},"4":{"start":{"line":7,"column":8},"end":{"line":27,"column":11}},"5":{"start":{"line":15,"column":50},"end":{"line":15,"column":66}},"6":{"start":{"line":16,"column":41},"end":{"line":16,"column":73}},"7":{"start":{"line":17,"column":20},"end":{"line":19,"column":21}},"8":{"start":{"line":18,"column":24},"end":{"line":18,"column":36}},"9":{"start":{"line":20,"column":20},"end":{"line":20,"column":50}},"10":{"start":{"line":23,"column":50},"end":{"line":23,"column":66}},"11":{"start":{"line":24,"column":20},"end":{"line":24,"column":96}}},"fnMap":{"0":{"name":"NotMatch","decl":{"start":{"line":5,"column":9},"end":{"line":5,"column":17}},"loc":{"start":{"line":5,"column":47},"end":{"line":29,"column":1}},"line":5},"1":{"name":"(anonymous_1)","decl":{"start":{"line":6,"column":11},"end":{"line":6,"column":12}},"loc":{"start":{"line":6,"column":43},"end":{"line":28,"column":5}},"line":6},"2":{"name":"(anonymous_2)","decl":{"start":{"line":14,"column":16},"end":{"line":14,"column":17}},"loc":{"start":{"line":14,"column":38},"end":{"line":21,"column":17}},"line":14},"3":{"name":"(anonymous_3)","decl":{"start":{"line":22,"column":16},"end":{"line":22,"column":17}},"loc":{"start":{"line":22,"column":37},"end":{"line":25,"column":17}},"line":22}},"branchMap":{"0":{"loc":{"start":{"line":17,"column":20},"end":{"line":19,"column":21}},"type":"if","locations":[{"start":{"line":17,"column":20},"end":{"line":19,"column":21}},{"start":{},"end":{}}],"line":17},"1":{"loc":{"start":{"line":17,"column":24},"end":{"line":17,"column":73}},"type":"binary-expr","locations":[{"start":{"line":17,"column":24},"end":{"line":17,"column":43}},{"start":{"line":17,"column":47},"end":{"line":17,"column":73}}],"line":17}},"s":{"0":0,"1":0,"2":0,"3":0,"4":0,"5":0,"6":0,"7":0,"8":0,"9":0,"10":0,"11":0},"f":{"0":0,"1":0,"2":0,"3":0},"b":{"0":[0,0],"1":[0,0]}}
,"D:\\Development\\SubliPrintShop\\backend-subli-print\\dist\\common\\decorators\\valid-role.decorator.d.ts": {"path":"D:\\Development\\SubliPrintShop\\backend-subli-print\\dist\\common\\decorators\\valid-role.decorator.d.ts","statementMap":{},"fnMap":{},"branchMap":{},"s":{},"f":{},"b":{}}
,"D:\\Development\\SubliPrintShop\\backend-subli-print\\dist\\common\\decorators\\valid-role.decorator.js": {"path":"D:\\Development\\SubliPrintShop\\backend-subli-print\\dist\\common\\decorators\\valid-role.decorator.js","statementMap":{"0":{"start":{"line":2,"column":0},"end":{"line":2,"column":62}},"1":{"start":{"line":3,"column":0},"end":{"line":3,"column":34}},"2":{"start":{"line":4,"column":26},"end":{"line":4,"column":52}},"3":{"start":{"line":5,"column":16},"end":{"line":5,"column":46}},"4":{"start":{"line":7,"column":4},"end":{"line":24,"column":6}},"5":{"start":{"line":8,"column":8},"end":{"line":23,"column":11}},"6":{"start":{"line":15,"column":20},"end":{"line":17,"column":89}},"7":{"start":{"line":20,"column":20},"end":{"line":20,"column":67}}},"fnMap":{"0":{"name":"IsValidRole","decl":{"start":{"line":6,"column":9},"end":{"line":6,"column":20}},"loc":{"start":{"line":6,"column":40},"end":{"line":25,"column":1}},"line":6},"1":{"name":"(anonymous_1)","decl":{"start":{"line":7,"column":11},"end":{"line":7,"column":12}},"loc":{"start":{"line":7,"column":43},"end":{"line":24,"column":5}},"line":7},"2":{"name":"(anonymous_2)","decl":{"start":{"line":14,"column":16},"end":{"line":14,"column":17}},"loc":{"start":{"line":14,"column":32},"end":{"line":18,"column":17}},"line":14},"3":{"name":"(anonymous_3)","decl":{"start":{"line":19,"column":16},"end":{"line":19,"column":17}},"loc":{"start":{"line":19,"column":37},"end":{"line":21,"column":17}},"line":19}},"branchMap":{"0":{"loc":{"start":{"line":15,"column":28},"end":{"line":17,"column":87}},"type":"binary-expr","locations":[{"start":{"line":15,"column":28},"end":{"line":15,"column":34}},{"start":{"line":16,"column":25},"end":{"line":16,"column":50}},{"start":{"line":17,"column":28},"end":{"line":17,"column":86}}],"line":15}},"s":{"0":0,"1":0,"2":0,"3":0,"4":0,"5":0,"6":0,"7":0},"f":{"0":0,"1":0,"2":0,"3":0},"b":{"0":[0,0,0]}}
,"D:\\Development\\SubliPrintShop\\backend-subli-print\\dist\\common\\filters\\all-exception.filter.d.ts": {"path":"D:\\Development\\SubliPrintShop\\backend-subli-print\\dist\\common\\filters\\all-exception.filter.d.ts","statementMap":{},"fnMap":{},"branchMap":{},"s":{},"f":{},"b":{}}
,"D:\\Development\\SubliPrintShop\\backend-subli-print\\dist\\common\\filters\\all-exception.filter.js": {"path":"D:\\Development\\SubliPrintShop\\backend-subli-print\\dist\\common\\filters\\all-exception.filter.js","statementMap":{"0":{"start":{"line":2,"column":17},"end":{"line":7,"column":1}},"1":{"start":{"line":3,"column":12},"end":{"line":3,"column":28}},"2":{"start":{"line":3,"column":34},"end":{"line":3,"column":125}},"3":{"start":{"line":4,"column":4},"end":{"line":5,"column":150}},"4":{"start":{"line":4,"column":79},"end":{"line":4,"column":131}},"5":{"start":{"line":5,"column":9},"end":{"line":5,"column":150}},"6":{"start":{"line":5,"column":22},"end":{"line":5,"column":43}},"7":{"start":{"line":5,"column":58},"end":{"line":5,"column":150}},"8":{"start":{"line":5,"column":81},"end":{"line":5,"column":150}},"9":{"start":{"line":6,"column":4},"end":{"line":6,"column":66}},"10":{"start":{"line":9,"column":0},"end":{"line":9,"column":62}},"11":{"start":{"line":10,"column":0},"end":{"line":10,"column":36}},"12":{"start":{"line":11,"column":17},"end":{"line":11,"column":42}},"13":{"start":{"line":12,"column":18},"end":{"line":12,"column":44}},"14":{"start":{"line":13,"column":15},"end":{"line":13,"column":43}},"15":{"start":{"line":14,"column":18},"end":{"line":14,"column":36}},"16":{"start":{"line":15,"column":25},"end":{"line":88,"column":1}},"17":{"start":{"line":16,"column":13},"end":{"line":16,"column":59}},"18":{"start":{"line":18,"column":24},"end":{"line":18,"column":38}},"19":{"start":{"line":19,"column":8},"end":{"line":21,"column":9}},"20":{"start":{"line":20,"column":12},"end":{"line":20,"column":61}},"21":{"start":{"line":22,"column":8},"end":{"line":22,"column":60}},"22":{"start":{"line":25,"column":20},"end":{"line":25,"column":39}},"23":{"start":{"line":26,"column":25},"end":{"line":26,"column":42}},"24":{"start":{"line":27,"column":24},"end":{"line":27,"column":40}},"25":{"start":{"line":28,"column":40},"end":{"line":28,"column":79}},"26":{"start":{"line":29,"column":29},"end":{"line":33,"column":9}},"27":{"start":{"line":34,"column":8},"end":{"line":36,"column":9}},"28":{"start":{"line":35,"column":12},"end":{"line":35,"column":107}},"29":{"start":{"line":37,"column":8},"end":{"line":41,"column":11}},"30":{"start":{"line":44,"column":24},"end":{"line":44,"column":63}},"31":{"start":{"line":45,"column":20},"end":{"line":45,"column":40}},"32":{"start":{"line":46,"column":24},"end":{"line":46,"column":31}},"33":{"start":{"line":47,"column":40},"end":{"line":47,"column":79}},"34":{"start":{"line":48,"column":29},"end":{"line":52,"column":9}},"35":{"start":{"line":53,"column":8},"end":{"line":55,"column":9}},"36":{"start":{"line":54,"column":12},"end":{"line":54,"column":129}},"37":{"start":{"line":56,"column":8},"end":{"line":60,"column":11}},"38":{"start":{"line":63,"column":8},"end":{"line":64,"column":28}},"39":{"start":{"line":64,"column":12},"end":{"line":64,"column":28}},"40":{"start":{"line":65,"column":8},"end":{"line":77,"column":9}},"41":{"start":{"line":66,"column":31},"end":{"line":66,"column":52}},"42":{"start":{"line":67,"column":29},"end":{"line":67,"column":52}},"43":{"start":{"line":68,"column":28},"end":{"line":70,"column":58}},"44":{"start":{"line":71,"column":12},"end":{"line":76,"column":14}},"45":{"start":{"line":78,"column":8},"end":{"line":86,"column":14}},"46":{"start":{"line":89,"column":0},"end":{"line":89,"column":48}},"47":{"start":{"line":90,"column":0},"end":{"line":92,"column":23}}},"fnMap":{"0":{"name":"(anonymous_0)","decl":{"start":{"line":2,"column":46},"end":{"line":2,"column":47}},"loc":{"start":{"line":2,"column":87},"end":{"line":7,"column":1}},"line":2},"1":{"name":"(anonymous_1)","decl":{"start":{"line":17,"column":4},"end":{"line":17,"column":5}},"loc":{"start":{"line":17,"column":27},"end":{"line":23,"column":5}},"line":17},"2":{"name":"(anonymous_2)","decl":{"start":{"line":24,"column":4},"end":{"line":24,"column":5}},"loc":{"start":{"line":24,"column":41},"end":{"line":42,"column":5}},"line":24},"3":{"name":"(anonymous_3)","decl":{"start":{"line":43,"column":4},"end":{"line":43,"column":5}},"loc":{"start":{"line":43,"column":44},"end":{"line":61,"column":5}},"line":43},"4":{"name":"(anonymous_4)","decl":{"start":{"line":62,"column":4},"end":{"line":62,"column":5}},"loc":{"start":{"line":62,"column":39},"end":{"line":87,"column":5}},"line":62}},"branchMap":{"0":{"loc":{"start":{"line":2,"column":17},"end":{"line":7,"column":1}},"type":"binary-expr","locations":[{"start":{"line":2,"column":18},"end":{"line":2,"column":22}},{"start":{"line":2,"column":26},"end":{"line":2,"column":41}},{"start":{"line":2,"column":46},"end":{"line":7,"column":1}}],"line":2},"1":{"loc":{"start":{"line":3,"column":34},"end":{"line":3,"column":125}},"type":"cond-expr","locations":[{"start":{"line":3,"column":42},"end":{"line":3,"column":48}},{"start":{"line":3,"column":51},"end":{"line":3,"column":125}}],"line":3},"2":{"loc":{"start":{"line":3,"column":51},"end":{"line":3,"column":125}},"type":"cond-expr","locations":[{"start":{"line":3,"column":67},"end":{"line":3,"column":118}},{"start":{"line":3,"column":121},"end":{"line":3,"column":125}}],"line":3},"3":{"loc":{"start":{"line":4,"column":4},"end":{"line":5,"column":150}},"type":"if","locations":[{"start":{"line":4,"column":4},"end":{"line":5,"column":150}},{"start":{"line":5,"column":9},"end":{"line":5,"column":150}}],"line":4},"4":{"loc":{"start":{"line":4,"column":8},"end":{"line":4,"column":77}},"type":"binary-expr","locations":[{"start":{"line":4,"column":8},"end":{"line":4,"column":35}},{"start":{"line":4,"column":39},"end":{"line":4,"column":77}}],"line":4},"5":{"loc":{"start":{"line":5,"column":58},"end":{"line":5,"column":150}},"type":"if","locations":[{"start":{"line":5,"column":58},"end":{"line":5,"column":150}},{"start":{},"end":{}}],"line":5},"6":{"loc":{"start":{"line":5,"column":85},"end":{"line":5,"column":149}},"type":"binary-expr","locations":[{"start":{"line":5,"column":86},"end":{"line":5,"column":143}},{"start":{"line":5,"column":148},"end":{"line":5,"column":149}}],"line":5},"7":{"loc":{"start":{"line":5,"column":86},"end":{"line":5,"column":143}},"type":"cond-expr","locations":[{"start":{"line":5,"column":94},"end":{"line":5,"column":98}},{"start":{"line":5,"column":101},"end":{"line":5,"column":143}}],"line":5},"8":{"loc":{"start":{"line":5,"column":101},"end":{"line":5,"column":143}},"type":"cond-expr","locations":[{"start":{"line":5,"column":109},"end":{"line":5,"column":126}},{"start":{"line":5,"column":129},"end":{"line":5,"column":143}}],"line":5},"9":{"loc":{"start":{"line":6,"column":11},"end":{"line":6,"column":62}},"type":"binary-expr","locations":[{"start":{"line":6,"column":11},"end":{"line":6,"column":16}},{"start":{"line":6,"column":20},"end":{"line":6,"column":21}},{"start":{"line":6,"column":25},"end":{"line":6,"column":62}}],"line":6},"10":{"loc":{"start":{"line":19,"column":8},"end":{"line":21,"column":9}},"type":"if","locations":[{"start":{"line":19,"column":8},"end":{"line":21,"column":9}},{"start":{},"end":{}}],"line":19},"11":{"loc":{"start":{"line":31,"column":19},"end":{"line":31,"column":68}},"type":"cond-expr","locations":[{"start":{"line":31,"column":49},"end":{"line":31,"column":56}},{"start":{"line":31,"column":59},"end":{"line":31,"column":68}}],"line":31},"12":{"loc":{"start":{"line":34,"column":8},"end":{"line":36,"column":9}},"type":"if","locations":[{"start":{"line":34,"column":8},"end":{"line":36,"column":9}},{"start":{},"end":{}}],"line":34},"13":{"loc":{"start":{"line":51,"column":19},"end":{"line":51,"column":68}},"type":"cond-expr","locations":[{"start":{"line":51,"column":49},"end":{"line":51,"column":56}},{"start":{"line":51,"column":59},"end":{"line":51,"column":68}}],"line":51},"14":{"loc":{"start":{"line":53,"column":8},"end":{"line":55,"column":9}},"type":"if","locations":[{"start":{"line":53,"column":8},"end":{"line":55,"column":9}},{"start":{},"end":{}}],"line":53},"15":{"loc":{"start":{"line":54,"column":43},"end":{"line":54,"column":69}},"type":"binary-expr","locations":[{"start":{"line":54,"column":43},"end":{"line":54,"column":58}},{"start":{"line":54,"column":62},"end":{"line":54,"column":69}}],"line":54},"16":{"loc":{"start":{"line":54,"column":73},"end":{"line":54,"column":91}},"type":"binary-expr","locations":[{"start":{"line":54,"column":73},"end":{"line":54,"column":85}},{"start":{"line":54,"column":89},"end":{"line":54,"column":91}}],"line":54},"17":{"loc":{"start":{"line":63,"column":8},"end":{"line":64,"column":28}},"type":"if","locations":[{"start":{"line":63,"column":8},"end":{"line":64,"column":28}},{"start":{},"end":{}}],"line":63},"18":{"loc":{"start":{"line":65,"column":8},"end":{"line":77,"column":9}},"type":"if","locations":[{"start":{"line":65,"column":8},"end":{"line":77,"column":9}},{"start":{},"end":{}}],"line":65},"19":{"loc":{"start":{"line":68,"column":28},"end":{"line":70,"column":58}},"type":"cond-expr","locations":[{"start":{"line":69,"column":18},"end":{"line":69,"column":26}},{"start":{"line":70,"column":19},"end":{"line":70,"column":57}}],"line":68},"20":{"loc":{"start":{"line":70,"column":19},"end":{"line":70,"column":57}},"type":"binary-expr","locations":[{"start":{"line":70,"column":19},"end":{"line":70,"column":35}},{"start":{"line":70,"column":39},"end":{"line":70,"column":57}}],"line":70},"21":{"loc":{"start":{"line":73,"column":25},"end":{"line":75,"column":40}},"type":"cond-expr","locations":[{"start":{"line":74,"column":22},"end":{"line":74,"column":29}},{"start":{"line":75,"column":22},"end":{"line":75,"column":40}}],"line":73},"22":{"loc":{"start":{"line":73,"column":25},"end":{"line":73,"column":78}},"type":"binary-expr","locations":[{"start":{"line":73,"column":25},"end":{"line":73,"column":52}},{"start":{"line":73,"column":56},"end":{"line":73,"column":78}}],"line":73},"23":{"loc":{"start":{"line":78,"column":15},"end":{"line":86,"column":13}},"type":"cond-expr","locations":[{"start":{"line":79,"column":14},"end":{"line":82,"column":13}},{"start":{"line":83,"column":14},"end":{"line":86,"column":13}}],"line":78}},"s":{"0":0,"1":0,"2":0,"3":0,"4":0,"5":0,"6":0,"7":0,"8":0,"9":0,"10":0,"11":0,"12":0,"13":0,"14":0,"15":0,"16":0,"17":0,"18":0,"19":0,"20":0,"21":0,"22":0,"23":0,"24":0,"25":0,"26":0,"27":0,"28":0,"29":0,"30":0,"31":0,"32":0,"33":0,"34":0,"35":0,"36":0,"37":0,"38":0,"39":0,"40":0,"41":0,"42":0,"43":0,"44":0,"45":0,"46":0,"47":0},"f":{"0":0,"1":0,"2":0,"3":0,"4":0},"b":{"0":[0,0,0],"1":[0,0],"2":[0,0],"3":[0,0],"4":[0,0],"5":[0,0],"6":[0,0],"7":[0,0],"8":[0,0],"9":[0,0,0],"10":[0,0],"11":[0,0],"12":[0,0],"13":[0,0],"14":[0,0],"15":[0,0],"16":[0,0],"17":[0,0],"18":[0,0],"19":[0,0],"20":[0,0],"21":[0,0],"22":[0,0],"23":[0,0]}}
,"D:\\Development\\SubliPrintShop\\backend-subli-print\\dist\\common\\filters\\validation-exception.filter.d.ts": {"path":"D:\\Development\\SubliPrintShop\\backend-subli-print\\dist\\common\\filters\\validation-exception.filter.d.ts","statementMap":{},"fnMap":{},"branchMap":{},"s":{},"f":{},"b":{}}
,"D:\\Development\\SubliPrintShop\\backend-subli-print\\dist\\common\\filters\\validation-exception.filter.js": {"path":"D:\\Development\\SubliPrintShop\\backend-subli-print\\dist\\common\\filters\\validation-exception.filter.js","statementMap":{"0":{"start":{"line":2,"column":17},"end":{"line":7,"column":1}},"1":{"start":{"line":3,"column":12},"end":{"line":3,"column":28}},"2":{"start":{"line":3,"column":34},"end":{"line":3,"column":125}},"3":{"start":{"line":4,"column":4},"end":{"line":5,"column":150}},"4":{"start":{"line":4,"column":79},"end":{"line":4,"column":131}},"5":{"start":{"line":5,"column":9},"end":{"line":5,"column":150}},"6":{"start":{"line":5,"column":22},"end":{"line":5,"column":43}},"7":{"start":{"line":5,"column":58},"end":{"line":5,"column":150}},"8":{"start":{"line":5,"column":81},"end":{"line":5,"column":150}},"9":{"start":{"line":6,"column":4},"end":{"line":6,"column":66}},"10":{"start":{"line":9,"column":0},"end":{"line":9,"column":62}},"11":{"start":{"line":10,"column":0},"end":{"line":10,"column":43}},"12":{"start":{"line":11,"column":17},"end":{"line":11,"column":42}},"13":{"start":{"line":12,"column":18},"end":{"line":12,"column":36}},"14":{"start":{"line":13,"column":15},"end":{"line":13,"column":43}},"15":{"start":{"line":14,"column":32},"end":{"line":45,"column":1}},"16":{"start":{"line":15,"column":13},"end":{"line":15,"column":66}},"17":{"start":{"line":17,"column":24},"end":{"line":17,"column":38}},"18":{"start":{"line":18,"column":8},"end":{"line":33,"column":9}},"19":{"start":{"line":19,"column":32},"end":{"line":19,"column":51}},"20":{"start":{"line":20,"column":29},"end":{"line":20,"column":54}},"21":{"start":{"line":21,"column":28},"end":{"line":21,"column":52}},"22":{"start":{"line":22,"column":27},"end":{"line":22,"column":48}},"23":{"start":{"line":23,"column":33},"end":{"line":27,"column":13}},"24":{"start":{"line":28,"column":12},"end":{"line":30,"column":13}},"25":{"start":{"line":29,"column":16},"end":{"line":29,"column":121}},"26":{"start":{"line":31,"column":12},"end":{"line":31,"column":55}},"27":{"start":{"line":32,"column":12},"end":{"line":32,"column":19}},"28":{"start":{"line":34,"column":8},"end":{"line":36,"column":9}},"29":{"start":{"line":35,"column":12},"end":{"line":35,"column":93}},"30":{"start":{"line":37,"column":8},"end":{"line":43,"column":11}},"31":{"start":{"line":46,"column":0},"end":{"line":46,"column":62}},"32":{"start":{"line":47,"column":0},"end":{"line":49,"column":30}}},"fnMap":{"0":{"name":"(anonymous_0)","decl":{"start":{"line":2,"column":46},"end":{"line":2,"column":47}},"loc":{"start":{"line":2,"column":87},"end":{"line":7,"column":1}},"line":2},"1":{"name":"(anonymous_1)","decl":{"start":{"line":16,"column":4},"end":{"line":16,"column":5}},"loc":{"start":{"line":16,"column":27},"end":{"line":44,"column":5}},"line":16}},"branchMap":{"0":{"loc":{"start":{"line":2,"column":17},"end":{"line":7,"column":1}},"type":"binary-expr","locations":[{"start":{"line":2,"column":18},"end":{"line":2,"column":22}},{"start":{"line":2,"column":26},"end":{"line":2,"column":41}},{"start":{"line":2,"column":46},"end":{"line":7,"column":1}}],"line":2},"1":{"loc":{"start":{"line":3,"column":34},"end":{"line":3,"column":125}},"type":"cond-expr","locations":[{"start":{"line":3,"column":42},"end":{"line":3,"column":48}},{"start":{"line":3,"column":51},"end":{"line":3,"column":125}}],"line":3},"2":{"loc":{"start":{"line":3,"column":51},"end":{"line":3,"column":125}},"type":"cond-expr","locations":[{"start":{"line":3,"column":67},"end":{"line":3,"column":118}},{"start":{"line":3,"column":121},"end":{"line":3,"column":125}}],"line":3},"3":{"loc":{"start":{"line":4,"column":4},"end":{"line":5,"column":150}},"type":"if","locations":[{"start":{"line":4,"column":4},"end":{"line":5,"column":150}},{"start":{"line":5,"column":9},"end":{"line":5,"column":150}}],"line":4},"4":{"loc":{"start":{"line":4,"column":8},"end":{"line":4,"column":77}},"type":"binary-expr","locations":[{"start":{"line":4,"column":8},"end":{"line":4,"column":35}},{"start":{"line":4,"column":39},"end":{"line":4,"column":77}}],"line":4},"5":{"loc":{"start":{"line":5,"column":58},"end":{"line":5,"column":150}},"type":"if","locations":[{"start":{"line":5,"column":58},"end":{"line":5,"column":150}},{"start":{},"end":{}}],"line":5},"6":{"loc":{"start":{"line":5,"column":85},"end":{"line":5,"column":149}},"type":"binary-expr","locations":[{"start":{"line":5,"column":86},"end":{"line":5,"column":143}},{"start":{"line":5,"column":148},"end":{"line":5,"column":149}}],"line":5},"7":{"loc":{"start":{"line":5,"column":86},"end":{"line":5,"column":143}},"type":"cond-expr","locations":[{"start":{"line":5,"column":94},"end":{"line":5,"column":98}},{"start":{"line":5,"column":101},"end":{"line":5,"column":143}}],"line":5},"8":{"loc":{"start":{"line":5,"column":101},"end":{"line":5,"column":143}},"type":"cond-expr","locations":[{"start":{"line":5,"column":109},"end":{"line":5,"column":126}},{"start":{"line":5,"column":129},"end":{"line":5,"column":143}}],"line":5},"9":{"loc":{"start":{"line":6,"column":11},"end":{"line":6,"column":62}},"type":"binary-expr","locations":[{"start":{"line":6,"column":11},"end":{"line":6,"column":16}},{"start":{"line":6,"column":20},"end":{"line":6,"column":21}},{"start":{"line":6,"column":25},"end":{"line":6,"column":62}}],"line":6},"10":{"loc":{"start":{"line":18,"column":8},"end":{"line":33,"column":9}},"type":"if","locations":[{"start":{"line":18,"column":8},"end":{"line":33,"column":9}},{"start":{},"end":{}}],"line":18},"11":{"loc":{"start":{"line":28,"column":12},"end":{"line":30,"column":13}},"type":"if","locations":[{"start":{"line":28,"column":12},"end":{"line":30,"column":13}},{"start":{},"end":{}}],"line":28},"12":{"loc":{"start":{"line":34,"column":8},"end":{"line":36,"column":9}},"type":"if","locations":[{"start":{"line":34,"column":8},"end":{"line":36,"column":9}},{"start":{},"end":{}}],"line":34}},"s":{"0":0,"1":0,"2":0,"3":0,"4":0,"5":0,"6":0,"7":0,"8":0,"9":0,"10":0,"11":0,"12":0,"13":0,"14":0,"15":0,"16":0,"17":0,"18":0,"19":0,"20":0,"21":0,"22":0,"23":0,"24":0,"25":0,"26":0,"27":0,"28":0,"29":0,"30":0,"31":0,"32":0},"f":{"0":0,"1":0},"b":{"0":[0,0,0],"1":[0,0],"2":[0,0],"3":[0,0],"4":[0,0],"5":[0,0],"6":[0,0],"7":[0,0],"8":[0,0],"9":[0,0,0],"10":[0,0],"11":[0,0],"12":[0,0]}}
,"D:\\Development\\SubliPrintShop\\backend-subli-print\\dist\\common\\guards\\gql-throttler.guard.d.ts": {"path":"D:\\Development\\SubliPrintShop\\backend-subli-print\\dist\\common\\guards\\gql-throttler.guard.d.ts","statementMap":{},"fnMap":{},"branchMap":{},"s":{},"f":{},"b":{}}
,"D:\\Development\\SubliPrintShop\\backend-subli-print\\dist\\common\\guards\\gql-throttler.guard.js": {"path":"D:\\Development\\SubliPrintShop\\backend-subli-print\\dist\\common\\guards\\gql-throttler.guard.js","statementMap":{"0":{"start":{"line":2,"column":17},"end":{"line":7,"column":1}},"1":{"start":{"line":3,"column":12},"end":{"line":3,"column":28}},"2":{"start":{"line":3,"column":34},"end":{"line":3,"column":125}},"3":{"start":{"line":4,"column":4},"end":{"line":5,"column":150}},"4":{"start":{"line":4,"column":79},"end":{"line":4,"column":131}},"5":{"start":{"line":5,"column":9},"end":{"line":5,"column":150}},"6":{"start":{"line":5,"column":22},"end":{"line":5,"column":43}},"7":{"start":{"line":5,"column":58},"end":{"line":5,"column":150}},"8":{"start":{"line":5,"column":81},"end":{"line":5,"column":150}},"9":{"start":{"line":6,"column":4},"end":{"line":6,"column":66}},"10":{"start":{"line":8,"column":0},"end":{"line":8,"column":62}},"11":{"start":{"line":9,"column":0},"end":{"line":9,"column":35}},"12":{"start":{"line":10,"column":17},"end":{"line":10,"column":42}},"13":{"start":{"line":11,"column":18},"end":{"line":11,"column":44}},"14":{"start":{"line":12,"column":20},"end":{"line":12,"column":48}},"15":{"start":{"line":13,"column":24},"end":{"line":46,"column":1}},"16":{"start":{"line":15,"column":8},"end":{"line":33,"column":9}},"17":{"start":{"line":16,"column":32},"end":{"line":16,"column":54}},"18":{"start":{"line":17,"column":28},"end":{"line":17,"column":52}},"19":{"start":{"line":18,"column":28},"end":{"line":18,"column":53}},"20":{"start":{"line":19,"column":12},"end":{"line":21,"column":13}},"21":{"start":{"line":20,"column":16},"end":{"line":20,"column":54}},"22":{"start":{"line":22,"column":27},"end":{"line":22,"column":72}},"23":{"start":{"line":23,"column":24},"end":{"line":23,"column":43}},"24":{"start":{"line":24,"column":12},"end":{"line":26,"column":13}},"25":{"start":{"line":25,"column":16},"end":{"line":25,"column":74}},"26":{"start":{"line":27,"column":12},"end":{"line":27,"column":35}},"27":{"start":{"line":28,"column":12},"end":{"line":28,"column":50}},"28":{"start":{"line":31,"column":12},"end":{"line":31,"column":64}},"29":{"start":{"line":32,"column":12},"end":{"line":32,"column":70}},"30":{"start":{"line":36,"column":8},"end":{"line":44,"column":9}},"31":{"start":{"line":37,"column":12},"end":{"line":37,"column":52}},"32":{"start":{"line":40,"column":12},"end":{"line":42,"column":13}},"33":{"start":{"line":41,"column":16},"end":{"line":41,"column":28}},"34":{"start":{"line":43,"column":12},"end":{"line":43,"column":24}},"35":{"start":{"line":47,"column":0},"end":{"line":47,"column":46}},"36":{"start":{"line":48,"column":0},"end":{"line":50,"column":22}}},"fnMap":{"0":{"name":"(anonymous_0)","decl":{"start":{"line":2,"column":46},"end":{"line":2,"column":47}},"loc":{"start":{"line":2,"column":87},"end":{"line":7,"column":1}},"line":2},"1":{"name":"(anonymous_1)","decl":{"start":{"line":14,"column":4},"end":{"line":14,"column":5}},"loc":{"start":{"line":14,"column":32},"end":{"line":34,"column":5}},"line":14},"2":{"name":"(anonymous_2)","decl":{"start":{"line":35,"column":4},"end":{"line":35,"column":5}},"loc":{"start":{"line":35,"column":31},"end":{"line":45,"column":5}},"line":35}},"branchMap":{"0":{"loc":{"start":{"line":2,"column":17},"end":{"line":7,"column":1}},"type":"binary-expr","locations":[{"start":{"line":2,"column":18},"end":{"line":2,"column":22}},{"start":{"line":2,"column":26},"end":{"line":2,"column":41}},{"start":{"line":2,"column":46},"end":{"line":7,"column":1}}],"line":2},"1":{"loc":{"start":{"line":3,"column":34},"end":{"line":3,"column":125}},"type":"cond-expr","locations":[{"start":{"line":3,"column":42},"end":{"line":3,"column":48}},{"start":{"line":3,"column":51},"end":{"line":3,"column":125}}],"line":3},"2":{"loc":{"start":{"line":3,"column":51},"end":{"line":3,"column":125}},"type":"cond-expr","locations":[{"start":{"line":3,"column":67},"end":{"line":3,"column":118}},{"start":{"line":3,"column":121},"end":{"line":3,"column":125}}],"line":3},"3":{"loc":{"start":{"line":4,"column":4},"end":{"line":5,"column":150}},"type":"if","locations":[{"start":{"line":4,"column":4},"end":{"line":5,"column":150}},{"start":{"line":5,"column":9},"end":{"line":5,"column":150}}],"line":4},"4":{"loc":{"start":{"line":4,"column":8},"end":{"line":4,"column":77}},"type":"binary-expr","locations":[{"start":{"line":4,"column":8},"end":{"line":4,"column":35}},{"start":{"line":4,"column":39},"end":{"line":4,"column":77}}],"line":4},"5":{"loc":{"start":{"line":5,"column":58},"end":{"line":5,"column":150}},"type":"if","locations":[{"start":{"line":5,"column":58},"end":{"line":5,"column":150}},{"start":{},"end":{}}],"line":5},"6":{"loc":{"start":{"line":5,"column":85},"end":{"line":5,"column":149}},"type":"binary-expr","locations":[{"start":{"line":5,"column":86},"end":{"line":5,"column":143}},{"start":{"line":5,"column":148},"end":{"line":5,"column":149}}],"line":5},"7":{"loc":{"start":{"line":5,"column":86},"end":{"line":5,"column":143}},"type":"cond-expr","locations":[{"start":{"line":5,"column":94},"end":{"line":5,"column":98}},{"start":{"line":5,"column":101},"end":{"line":5,"column":143}}],"line":5},"8":{"loc":{"start":{"line":5,"column":101},"end":{"line":5,"column":143}},"type":"cond-expr","locations":[{"start":{"line":5,"column":109},"end":{"line":5,"column":126}},{"start":{"line":5,"column":129},"end":{"line":5,"column":143}}],"line":5},"9":{"loc":{"start":{"line":6,"column":11},"end":{"line":6,"column":62}},"type":"binary-expr","locations":[{"start":{"line":6,"column":11},"end":{"line":6,"column":16}},{"start":{"line":6,"column":20},"end":{"line":6,"column":21}},{"start":{"line":6,"column":25},"end":{"line":6,"column":62}}],"line":6},"10":{"loc":{"start":{"line":19,"column":12},"end":{"line":21,"column":13}},"type":"if","locations":[{"start":{"line":19,"column":12},"end":{"line":21,"column":13}},{"start":{},"end":{}}],"line":19},"11":{"loc":{"start":{"line":19,"column":16},"end":{"line":19,"column":34}},"type":"binary-expr","locations":[{"start":{"line":19,"column":16},"end":{"line":19,"column":23}},{"start":{"line":19,"column":27},"end":{"line":19,"column":34}}],"line":19},"12":{"loc":{"start":{"line":24,"column":12},"end":{"line":26,"column":13}},"type":"if","locations":[{"start":{"line":24,"column":12},"end":{"line":26,"column":13}},{"start":{},"end":{}}],"line":24},"13":{"loc":{"start":{"line":24,"column":16},"end":{"line":24,"column":38}},"type":"binary-expr","locations":[{"start":{"line":24,"column":16},"end":{"line":24,"column":25}},{"start":{"line":24,"column":29},"end":{"line":24,"column":38}}],"line":24},"14":{"loc":{"start":{"line":40,"column":12},"end":{"line":42,"column":13}},"type":"if","locations":[{"start":{"line":40,"column":12},"end":{"line":42,"column":13}},{"start":{},"end":{}}],"line":40},"15":{"loc":{"start":{"line":40,"column":16},"end":{"line":40,"column":74}},"type":"binary-expr","locations":[{"start":{"line":40,"column":16},"end":{"line":40,"column":38}},{"start":{"line":40,"column":42},"end":{"line":40,"column":74}}],"line":40}},"s":{"0":0,"1":0,"2":0,"3":0,"4":0,"5":0,"6":0,"7":0,"8":0,"9":0,"10":0,"11":0,"12":0,"13":0,"14":0,"15":0,"16":0,"17":0,"18":0,"19":0,"20":0,"21":0,"22":0,"23":0,"24":0,"25":0,"26":0,"27":0,"28":0,"29":0,"30":0,"31":0,"32":0,"33":0,"34":0,"35":0,"36":0},"f":{"0":0,"1":0,"2":0},"b":{"0":[0,0,0],"1":[0,0],"2":[0,0],"3":[0,0],"4":[0,0],"5":[0,0],"6":[0,0],"7":[0,0],"8":[0,0],"9":[0,0,0],"10":[0,0],"11":[0,0],"12":[0,0],"13":[0,0],"14":[0,0],"15":[0,0]}}
,"D:\\Development\\SubliPrintShop\\backend-subli-print\\dist\\common\\interfaces\\authenticated-user.interface.d.ts": {"path":"D:\\Development\\SubliPrintShop\\backend-subli-print\\dist\\common\\interfaces\\authenticated-user.interface.d.ts","statementMap":{},"fnMap":{},"branchMap":{},"s":{},"f":{},"b":{}}
,"D:\\Development\\SubliPrintShop\\backend-subli-print\\dist\\common\\interfaces\\authenticated-user.interface.js": {"path":"D:\\Development\\SubliPrintShop\\backend-subli-print\\dist\\common\\interfaces\\authenticated-user.interface.js","statementMap":{"0":{"start":{"line":2,"column":0},"end":{"line":2,"column":62}}},"fnMap":{},"branchMap":{},"s":{"0":0},"f":{},"b":{}}
,"D:\\Development\\SubliPrintShop\\backend-subli-print\\dist\\common\\interfaces\\context.interface.d.ts": {"path":"D:\\Development\\SubliPrintShop\\backend-subli-print\\dist\\common\\interfaces\\context.interface.d.ts","statementMap":{},"fnMap":{},"branchMap":{},"s":{},"f":{},"b":{}}
,"D:\\Development\\SubliPrintShop\\backend-subli-print\\dist\\common\\interfaces\\context.interface.js": {"path":"D:\\Development\\SubliPrintShop\\backend-subli-print\\dist\\common\\interfaces\\context.interface.js","statementMap":{"0":{"start":{"line":2,"column":0},"end":{"line":2,"column":62}}},"fnMap":{},"branchMap":{},"s":{"0":0},"f":{},"b":{}}
,"D:\\Development\\SubliPrintShop\\backend-subli-print\\dist\\common\\interfaces\\error-response.interface.d.ts": {"path":"D:\\Development\\SubliPrintShop\\backend-subli-print\\dist\\common\\interfaces\\error-response.interface.d.ts","statementMap":{},"fnMap":{},"branchMap":{},"s":{},"f":{},"b":{}}
,"D:\\Development\\SubliPrintShop\\backend-subli-print\\dist\\common\\interfaces\\error-response.interface.js": {"path":"D:\\Development\\SubliPrintShop\\backend-subli-print\\dist\\common\\interfaces\\error-response.interface.js","statementMap":{"0":{"start":{"line":2,"column":0},"end":{"line":2,"column":62}}},"fnMap":{},"branchMap":{},"s":{"0":0},"f":{},"b":{}}
,"D:\\Development\\SubliPrintShop\\backend-subli-print\\dist\\common\\interfaces\\payloads.interface.d.ts": {"path":"D:\\Development\\SubliPrintShop\\backend-subli-print\\dist\\common\\interfaces\\payloads.interface.d.ts","statementMap":{},"fnMap":{},"branchMap":{},"s":{},"f":{},"b":{}}
,"D:\\Development\\SubliPrintShop\\backend-subli-print\\dist\\common\\interfaces\\payloads.interface.js": {"path":"D:\\Development\\SubliPrintShop\\backend-subli-print\\dist\\common\\interfaces\\payloads.interface.js","statementMap":{"0":{"start":{"line":2,"column":0},"end":{"line":2,"column":62}}},"fnMap":{},"branchMap":{},"s":{"0":0},"f":{},"b":{}}
,"D:\\Development\\SubliPrintShop\\backend-subli-print\\dist\\common\\interfaces\\product.interface.d.ts": {"path":"D:\\Development\\SubliPrintShop\\backend-subli-print\\dist\\common\\interfaces\\product.interface.d.ts","statementMap":{},"fnMap":{},"branchMap":{},"s":{},"f":{},"b":{}}
,"D:\\Development\\SubliPrintShop\\backend-subli-print\\dist\\common\\interfaces\\product.interface.js": {"path":"D:\\Development\\SubliPrintShop\\backend-subli-print\\dist\\common\\interfaces\\product.interface.js","statementMap":{"0":{"start":{"line":2,"column":0},"end":{"line":2,"column":62}}},"fnMap":{},"branchMap":{},"s":{"0":0},"f":{},"b":{}}
,"D:\\Development\\SubliPrintShop\\backend-subli-print\\dist\\common\\interfaces\\user.interface.d.ts": {"path":"D:\\Development\\SubliPrintShop\\backend-subli-print\\dist\\common\\interfaces\\user.interface.d.ts","statementMap":{},"fnMap":{},"branchMap":{},"s":{},"f":{},"b":{}}
,"D:\\Development\\SubliPrintShop\\backend-subli-print\\dist\\common\\interfaces\\user.interface.js": {"path":"D:\\Development\\SubliPrintShop\\backend-subli-print\\dist\\common\\interfaces\\user.interface.js","statementMap":{"0":{"start":{"line":2,"column":0},"end":{"line":2,"column":62}}},"fnMap":{},"branchMap":{},"s":{"0":0},"f":{},"b":{}}
,"D:\\Development\\SubliPrintShop\\backend-subli-print\\dist\\common\\middlewares\\session.middleware.d.ts": {"path":"D:\\Development\\SubliPrintShop\\backend-subli-print\\dist\\common\\middlewares\\session.middleware.d.ts","statementMap":{},"fnMap":{},"branchMap":{},"s":{},"f":{},"b":{}}
,"D:\\Development\\SubliPrintShop\\backend-subli-print\\dist\\common\\middlewares\\session.middleware.js": {"path":"D:\\Development\\SubliPrintShop\\backend-subli-print\\dist\\common\\middlewares\\session.middleware.js","statementMap":{"0":{"start":{"line":2,"column":0},"end":{"line":2,"column":62}},"1":{"start":{"line":3,"column":0},"end":{"line":3,"column":46}},"2":{"start":{"line":4,"column":15},"end":{"line":4,"column":30}},"3":{"start":{"line":5,"column":15},"end":{"line":5,"column":43}},"4":{"start":{"line":7,"column":22},"end":{"line":7,"column":48}},"5":{"start":{"line":8,"column":4},"end":{"line":17,"column":5}},"6":{"start":{"line":9,"column":29},"end":{"line":9,"column":45}},"7":{"start":{"line":10,"column":8},"end":{"line":16,"column":11}},"8":{"start":{"line":18,"column":4},"end":{"line":18,"column":11}}},"fnMap":{"0":{"name":"sessionMiddleware","decl":{"start":{"line":6,"column":9},"end":{"line":6,"column":26}},"loc":{"start":{"line":6,"column":43},"end":{"line":19,"column":1}},"line":6}},"branchMap":{"0":{"loc":{"start":{"line":8,"column":4},"end":{"line":17,"column":5}},"type":"if","locations":[{"start":{"line":8,"column":4},"end":{"line":17,"column":5}},{"start":{},"end":{}}],"line":8}},"s":{"0":0,"1":0,"2":0,"3":0,"4":0,"5":0,"6":0,"7":0,"8":0},"f":{"0":0},"b":{"0":[0,0]}}
,"D:\\Development\\SubliPrintShop\\backend-subli-print\\dist\\config\\cors.config.d.ts": {"path":"D:\\Development\\SubliPrintShop\\backend-subli-print\\dist\\config\\cors.config.d.ts","statementMap":{},"fnMap":{},"branchMap":{},"s":{},"f":{},"b":{}}
,"D:\\Development\\SubliPrintShop\\backend-subli-print\\dist\\config\\cors.config.js": {"path":"D:\\Development\\SubliPrintShop\\backend-subli-print\\dist\\config\\cors.config.js","statementMap":{"0":{"start":{"line":2,"column":0},"end":{"line":2,"column":62}},"1":{"start":{"line":3,"column":0},"end":{"line":3,"column":29}},"2":{"start":{"line":4,"column":15},"end":{"line":4,"column":32}},"3":{"start":{"line":5,"column":0},"end":{"line":36,"column":2}},"4":{"start":{"line":7,"column":8},"end":{"line":8,"column":40}},"5":{"start":{"line":8,"column":12},"end":{"line":8,"column":40}},"6":{"start":{"line":9,"column":24},"end":{"line":9,"column":51}},"7":{"start":{"line":10,"column":19},"end":{"line":18,"column":14}},"8":{"start":{"line":12,"column":16},"end":{"line":17,"column":17}},"9":{"start":{"line":13,"column":20},"end":{"line":13,"column":76}},"10":{"start":{"line":16,"column":20},"end":{"line":16,"column":33}},"11":{"start":{"line":19,"column":8},"end":{"line":24,"column":9}},"12":{"start":{"line":20,"column":12},"end":{"line":22,"column":13}},"13":{"start":{"line":21,"column":16},"end":{"line":21,"column":45}},"14":{"start":{"line":23,"column":12},"end":{"line":23,"column":66}},"15":{"start":{"line":25,"column":8},"end":{"line":25,"column":36}}},"fnMap":{"0":{"name":"(anonymous_0)","decl":{"start":{"line":6,"column":12},"end":{"line":6,"column":13}},"loc":{"start":{"line":6,"column":34},"end":{"line":26,"column":5}},"line":6},"1":{"name":"(anonymous_1)","decl":{"start":{"line":11,"column":25},"end":{"line":11,"column":26}},"loc":{"start":{"line":11,"column":32},"end":{"line":18,"column":13}},"line":11}},"branchMap":{"0":{"loc":{"start":{"line":7,"column":8},"end":{"line":8,"column":40}},"type":"if","locations":[{"start":{"line":7,"column":8},"end":{"line":8,"column":40}},{"start":{},"end":{}}],"line":7},"1":{"loc":{"start":{"line":9,"column":24},"end":{"line":9,"column":51}},"type":"binary-expr","locations":[{"start":{"line":9,"column":24},"end":{"line":9,"column":45}},{"start":{"line":9,"column":49},"end":{"line":9,"column":51}}],"line":9},"2":{"loc":{"start":{"line":10,"column":19},"end":{"line":18,"column":14}},"type":"binary-expr","locations":[{"start":{"line":10,"column":19},"end":{"line":10,"column":43}},{"start":{"line":11,"column":12},"end":{"line":18,"column":14}}],"line":10},"3":{"loc":{"start":{"line":19,"column":8},"end":{"line":24,"column":9}},"type":"if","locations":[{"start":{"line":19,"column":8},"end":{"line":24,"column":9}},{"start":{},"end":{}}],"line":19},"4":{"loc":{"start":{"line":20,"column":12},"end":{"line":22,"column":13}},"type":"if","locations":[{"start":{"line":20,"column":12},"end":{"line":22,"column":13}},{"start":{},"end":{}}],"line":20}},"s":{"0":0,"1":0,"2":0,"3":0,"4":0,"5":0,"6":0,"7":0,"8":0,"9":0,"10":0,"11":0,"12":0,"13":0,"14":0,"15":0},"f":{"0":0,"1":0},"b":{"0":[0,0],"1":[0,0],"2":[0,0],"3":[0,0],"4":[0,0]}}
,"D:\\Development\\SubliPrintShop\\backend-subli-print\\dist\\config\\csrf.config.d.ts": {"path":"D:\\Development\\SubliPrintShop\\backend-subli-print\\dist\\config\\csrf.config.d.ts","statementMap":{},"fnMap":{},"branchMap":{},"s":{},"f":{},"b":{}}
,"D:\\Development\\SubliPrintShop\\backend-subli-print\\dist\\config\\csrf.config.js": {"path":"D:\\Development\\SubliPrintShop\\backend-subli-print\\dist\\config\\csrf.config.js","statementMap":{"0":{"start":{"line":2,"column":0},"end":{"line":2,"column":62}},"1":{"start":{"line":3,"column":0},"end":{"line":3,"column":42}},"2":{"start":{"line":4,"column":20},"end":{"line":4,"column":40}},"3":{"start":{"line":5,"column":15},"end":{"line":5,"column":32}},"4":{"start":{"line":6,"column":29},"end":{"line":10,"column":1}},"5":{"start":{"line":7,"column":20},"end":{"line":7,"column":31}},"6":{"start":{"line":8,"column":16},"end":{"line":8,"column":36}},"7":{"start":{"line":9,"column":4},"end":{"line":9,"column":74}},"8":{"start":{"line":11,"column":32},"end":{"line":20,"column":1}},"9":{"start":{"line":12,"column":27},"end":{"line":12,"column":54}},"10":{"start":{"line":13,"column":17},"end":{"line":13,"column":25}},"11":{"start":{"line":14,"column":25},"end":{"line":18,"column":19}},"12":{"start":{"line":19,"column":4},"end":{"line":19,"column":42}},"13":{"start":{"line":21,"column":0},"end":{"line":33,"column":3}},"14":{"start":{"line":22,"column":21},"end":{"line":22,"column":43}},"15":{"start":{"line":34,"column":0},"end":{"line":37,"column":2}}},"fnMap":{"0":{"name":"(anonymous_0)","decl":{"start":{"line":6,"column":29},"end":{"line":6,"column":30}},"loc":{"start":{"line":6,"column":38},"end":{"line":10,"column":1}},"line":6},"1":{"name":"(anonymous_1)","decl":{"start":{"line":11,"column":32},"end":{"line":11,"column":33}},"loc":{"start":{"line":11,"column":41},"end":{"line":20,"column":1}},"line":11},"2":{"name":"(anonymous_2)","decl":{"start":{"line":22,"column":15},"end":{"line":22,"column":16}},"loc":{"start":{"line":22,"column":21},"end":{"line":22,"column":43}},"line":22}},"branchMap":{"0":{"loc":{"start":{"line":9,"column":11},"end":{"line":9,"column":73}},"type":"cond-expr","locations":[{"start":{"line":9,"column":55},"end":{"line":9,"column":58}},{"start":{"line":9,"column":61},"end":{"line":9,"column":73}}],"line":9},"1":{"loc":{"start":{"line":9,"column":11},"end":{"line":9,"column":52}},"type":"binary-expr","locations":[{"start":{"line":9,"column":11},"end":{"line":9,"column":34}},{"start":{"line":9,"column":38},"end":{"line":9,"column":52}}],"line":9},"2":{"loc":{"start":{"line":9,"column":61},"end":{"line":9,"column":73}},"type":"binary-expr","locations":[{"start":{"line":9,"column":61},"end":{"line":9,"column":67}},{"start":{"line":9,"column":71},"end":{"line":9,"column":73}}],"line":9},"3":{"loc":{"start":{"line":14,"column":25},"end":{"line":18,"column":19}},"type":"cond-expr","locations":[{"start":{"line":17,"column":10},"end":{"line":17,"column":23}},{"start":{"line":18,"column":10},"end":{"line":18,"column":19}}],"line":14},"4":{"loc":{"start":{"line":14,"column":25},"end":{"line":16,"column":41}},"type":"binary-expr","locations":[{"start":{"line":14,"column":25},"end":{"line":14,"column":49}},{"start":{"line":15,"column":8},"end":{"line":15,"column":21}},{"start":{"line":16,"column":8},"end":{"line":16,"column":41}}],"line":14},"5":{"loc":{"start":{"line":19,"column":11},"end":{"line":19,"column":41}},"type":"binary-expr","locations":[{"start":{"line":19,"column":11},"end":{"line":19,"column":25}},{"start":{"line":19,"column":29},"end":{"line":19,"column":41}}],"line":19}},"s":{"0":0,"1":0,"2":0,"3":0,"4":0,"5":0,"6":0,"7":0,"8":0,"9":0,"10":0,"11":0,"12":0,"13":0,"14":0,"15":0},"f":{"0":0,"1":0,"2":0},"b":{"0":[0,0],"1":[0,0],"2":[0,0],"3":[0,0],"4":[0,0,0],"5":[0,0]}}
,"D:\\Development\\SubliPrintShop\\backend-subli-print\\dist\\config\\envs.d.ts": {"path":"D:\\Development\\SubliPrintShop\\backend-subli-print\\dist\\config\\envs.d.ts","statementMap":{},"fnMap":{},"branchMap":{},"s":{},"f":{},"b":{}}
,"D:\\Development\\SubliPrintShop\\backend-subli-print\\dist\\config\\envs.js": {"path":"D:\\Development\\SubliPrintShop\\backend-subli-print\\dist\\config\\envs.js","statementMap":{"0":{"start":{"line":2,"column":0},"end":{"line":2,"column":62}},"1":{"start":{"line":3,"column":0},"end":{"line":3,"column":22}},"2":{"start":{"line":4,"column":0},"end":{"line":4,"column":25}},"3":{"start":{"line":5,"column":12},"end":{"line":5,"column":26}},"4":{"start":{"line":6,"column":19},"end":{"line":21,"column":18}},"5":{"start":{"line":22,"column":25},"end":{"line":22,"column":57}},"6":{"start":{"line":23,"column":0},"end":{"line":25,"column":1}},"7":{"start":{"line":24,"column":4},"end":{"line":24,"column":65}},"8":{"start":{"line":26,"column":16},"end":{"line":26,"column":21}},"9":{"start":{"line":27,"column":0},"end":{"line":40,"column":2}}},"fnMap":{},"branchMap":{"0":{"loc":{"start":{"line":23,"column":0},"end":{"line":25,"column":1}},"type":"if","locations":[{"start":{"line":23,"column":0},"end":{"line":25,"column":1}},{"start":{},"end":{}}],"line":23},"1":{"loc":{"start":{"line":33,"column":13},"end":{"line":33,"column":46}},"type":"binary-expr","locations":[{"start":{"line":33,"column":13},"end":{"line":33,"column":29}},{"start":{"line":33,"column":33},"end":{"line":33,"column":46}}],"line":33}},"s":{"0":0,"1":0,"2":0,"3":0,"4":0,"5":0,"6":0,"7":0,"8":0,"9":0},"f":{},"b":{"0":[0,0],"1":[0,0]}}
,"D:\\Development\\SubliPrintShop\\backend-subli-print\\dist\\config\\helmet.config.d.ts": {"path":"D:\\Development\\SubliPrintShop\\backend-subli-print\\dist\\config\\helmet.config.d.ts","statementMap":{},"fnMap":{},"branchMap":{},"s":{},"f":{},"b":{}}
,"D:\\Development\\SubliPrintShop\\backend-subli-print\\dist\\config\\helmet.config.js": {"path":"D:\\Development\\SubliPrintShop\\backend-subli-print\\dist\\config\\helmet.config.js","statementMap":{"0":{"start":{"line":2,"column":0},"end":{"line":2,"column":62}},"1":{"start":{"line":3,"column":0},"end":{"line":3,"column":34}},"2":{"start":{"line":4,"column":17},"end":{"line":4,"column":34}},"3":{"start":{"line":5,"column":0},"end":{"line":23,"column":3}}},"fnMap":{},"branchMap":{},"s":{"0":0,"1":0,"2":0,"3":0},"f":{},"b":{}}
,"D:\\Development\\SubliPrintShop\\backend-subli-print\\dist\\config\\pipes.config.d.ts": {"path":"D:\\Development\\SubliPrintShop\\backend-subli-print\\dist\\config\\pipes.config.d.ts","statementMap":{},"fnMap":{},"branchMap":{},"s":{},"f":{},"b":{}}
,"D:\\Development\\SubliPrintShop\\backend-subli-print\\dist\\config\\pipes.config.js": {"path":"D:\\Development\\SubliPrintShop\\backend-subli-print\\dist\\config\\pipes.config.js","statementMap":{"0":{"start":{"line":2,"column":0},"end":{"line":2,"column":62}},"1":{"start":{"line":3,"column":0},"end":{"line":3,"column":39}},"2":{"start":{"line":4,"column":17},"end":{"line":4,"column":42}},"3":{"start":{"line":5,"column":0},"end":{"line":18,"column":3}},"4":{"start":{"line":10,"column":23},"end":{"line":15,"column":11}},"5":{"start":{"line":10,"column":46},"end":{"line":15,"column":9}},"6":{"start":{"line":16,"column":8},"end":{"line":16,"column":56}}},"fnMap":{"0":{"name":"(anonymous_0)","decl":{"start":{"line":9,"column":22},"end":{"line":9,"column":23}},"loc":{"start":{"line":9,"column":34},"end":{"line":17,"column":5}},"line":9},"1":{"name":"(anonymous_1)","decl":{"start":{"line":10,"column":34},"end":{"line":10,"column":35}},"loc":{"start":{"line":10,"column":46},"end":{"line":15,"column":9}},"line":10}},"branchMap":{"0":{"loc":{"start":{"line":12,"column":21},"end":{"line":14,"column":36}},"type":"cond-expr","locations":[{"start":{"line":13,"column":18},"end":{"line":13,"column":53}},{"start":{"line":14,"column":18},"end":{"line":14,"column":36}}],"line":12}},"s":{"0":0,"1":0,"2":0,"3":0,"4":0,"5":0,"6":0},"f":{"0":0,"1":0},"b":{"0":[0,0]}}
,"D:\\Development\\SubliPrintShop\\backend-subli-print\\dist\\config\\swagger.config.d.ts": {"path":"D:\\Development\\SubliPrintShop\\backend-subli-print\\dist\\config\\swagger.config.d.ts","statementMap":{},"fnMap":{},"branchMap":{},"s":{},"f":{},"b":{}}
,"D:\\Development\\SubliPrintShop\\backend-subli-print\\dist\\config\\swagger.config.js": {"path":"D:\\Development\\SubliPrintShop\\backend-subli-print\\dist\\config\\swagger.config.js","statementMap":{"0":{"start":{"line":2,"column":0},"end":{"line":2,"column":62}},"1":{"start":{"line":3,"column":0},"end":{"line":3,"column":31}},"2":{"start":{"line":4,"column":18},"end":{"line":4,"column":44}},"3":{"start":{"line":5,"column":0},"end":{"line":19,"column":13}}},"fnMap":{},"branchMap":{},"s":{"0":0,"1":0,"2":0,"3":0},"f":{},"b":{}}
,"D:\\Development\\SubliPrintShop\\backend-subli-print\\dist\\csrf\\csrf.controller.d.ts": {"path":"D:\\Development\\SubliPrintShop\\backend-subli-print\\dist\\csrf\\csrf.controller.d.ts","statementMap":{},"fnMap":{},"branchMap":{},"s":{},"f":{},"b":{}}
,"D:\\Development\\SubliPrintShop\\backend-subli-print\\dist\\csrf\\csrf.controller.js": {"path":"D:\\Development\\SubliPrintShop\\backend-subli-print\\dist\\csrf\\csrf.controller.js","statementMap":{"0":{"start":{"line":2,"column":17},"end":{"line":7,"column":1}},"1":{"start":{"line":3,"column":12},"end":{"line":3,"column":28}},"2":{"start":{"line":3,"column":34},"end":{"line":3,"column":125}},"3":{"start":{"line":4,"column":4},"end":{"line":5,"column":150}},"4":{"start":{"line":4,"column":79},"end":{"line":4,"column":131}},"5":{"start":{"line":5,"column":9},"end":{"line":5,"column":150}},"6":{"start":{"line":5,"column":22},"end":{"line":5,"column":43}},"7":{"start":{"line":5,"column":58},"end":{"line":5,"column":150}},"8":{"start":{"line":5,"column":81},"end":{"line":5,"column":150}},"9":{"start":{"line":6,"column":4},"end":{"line":6,"column":66}},"10":{"start":{"line":8,"column":17},"end":{"line":10,"column":1}},"11":{"start":{"line":9,"column":4},"end":{"line":9,"column":109}},"12":{"start":{"line":9,"column":79},"end":{"line":9,"column":109}},"13":{"start":{"line":11,"column":14},"end":{"line":13,"column":1}},"14":{"start":{"line":12,"column":4},"end":{"line":12,"column":73}},"15":{"start":{"line":12,"column":36},"end":{"line":12,"column":71}},"16":{"start":{"line":14,"column":0},"end":{"line":14,"column":62}},"17":{"start":{"line":15,"column":0},"end":{"line":15,"column":32}},"18":{"start":{"line":16,"column":17},"end":{"line":16,"column":42}},"19":{"start":{"line":17,"column":22},"end":{"line":17,"column":54}},"20":{"start":{"line":18,"column":21},"end":{"line":24,"column":1}},"21":{"start":{"line":19,"column":20},"end":{"line":19,"column":56}},"22":{"start":{"line":21,"column":22},"end":{"line":21,"column":50}},"23":{"start":{"line":22,"column":8},"end":{"line":22,"column":39}},"24":{"start":{"line":25,"column":0},"end":{"line":25,"column":40}},"25":{"start":{"line":26,"column":0},"end":{"line":33,"column":46}},"26":{"start":{"line":34,"column":0},"end":{"line":36,"column":19}}},"fnMap":{"0":{"name":"(anonymous_0)","decl":{"start":{"line":2,"column":46},"end":{"line":2,"column":47}},"loc":{"start":{"line":2,"column":87},"end":{"line":7,"column":1}},"line":2},"1":{"name":"(anonymous_1)","decl":{"start":{"line":8,"column":46},"end":{"line":8,"column":47}},"loc":{"start":{"line":8,"column":62},"end":{"line":10,"column":1}},"line":8},"2":{"name":"(anonymous_2)","decl":{"start":{"line":11,"column":40},"end":{"line":11,"column":41}},"loc":{"start":{"line":11,"column":73},"end":{"line":13,"column":1}},"line":11},"3":{"name":"(anonymous_3)","decl":{"start":{"line":12,"column":11},"end":{"line":12,"column":12}},"loc":{"start":{"line":12,"column":34},"end":{"line":12,"column":73}},"line":12},"4":{"name":"(anonymous_4)","decl":{"start":{"line":20,"column":4},"end":{"line":20,"column":5}},"loc":{"start":{"line":20,"column":22},"end":{"line":23,"column":5}},"line":20}},"branchMap":{"0":{"loc":{"start":{"line":2,"column":17},"end":{"line":7,"column":1}},"type":"binary-expr","locations":[{"start":{"line":2,"column":18},"end":{"line":2,"column":22}},{"start":{"line":2,"column":26},"end":{"line":2,"column":41}},{"start":{"line":2,"column":46},"end":{"line":7,"column":1}}],"line":2},"1":{"loc":{"start":{"line":3,"column":34},"end":{"line":3,"column":125}},"type":"cond-expr","locations":[{"start":{"line":3,"column":42},"end":{"line":3,"column":48}},{"start":{"line":3,"column":51},"end":{"line":3,"column":125}}],"line":3},"2":{"loc":{"start":{"line":3,"column":51},"end":{"line":3,"column":125}},"type":"cond-expr","locations":[{"start":{"line":3,"column":67},"end":{"line":3,"column":118}},{"start":{"line":3,"column":121},"end":{"line":3,"column":125}}],"line":3},"3":{"loc":{"start":{"line":4,"column":4},"end":{"line":5,"column":150}},"type":"if","locations":[{"start":{"line":4,"column":4},"end":{"line":5,"column":150}},{"start":{"line":5,"column":9},"end":{"line":5,"column":150}}],"line":4},"4":{"loc":{"start":{"line":4,"column":8},"end":{"line":4,"column":77}},"type":"binary-expr","locations":[{"start":{"line":4,"column":8},"end":{"line":4,"column":35}},{"start":{"line":4,"column":39},"end":{"line":4,"column":77}}],"line":4},"5":{"loc":{"start":{"line":5,"column":58},"end":{"line":5,"column":150}},"type":"if","locations":[{"start":{"line":5,"column":58},"end":{"line":5,"column":150}},{"start":{},"end":{}}],"line":5},"6":{"loc":{"start":{"line":5,"column":85},"end":{"line":5,"column":149}},"type":"binary-expr","locations":[{"start":{"line":5,"column":86},"end":{"line":5,"column":143}},{"start":{"line":5,"column":148},"end":{"line":5,"column":149}}],"line":5},"7":{"loc":{"start":{"line":5,"column":86},"end":{"line":5,"column":143}},"type":"cond-expr","locations":[{"start":{"line":5,"column":94},"end":{"line":5,"column":98}},{"start":{"line":5,"column":101},"end":{"line":5,"column":143}}],"line":5},"8":{"loc":{"start":{"line":5,"column":101},"end":{"line":5,"column":143}},"type":"cond-expr","locations":[{"start":{"line":5,"column":109},"end":{"line":5,"column":126}},{"start":{"line":5,"column":129},"end":{"line":5,"column":143}}],"line":5},"9":{"loc":{"start":{"line":6,"column":11},"end":{"line":6,"column":62}},"type":"binary-expr","locations":[{"start":{"line":6,"column":11},"end":{"line":6,"column":16}},{"start":{"line":6,"column":20},"end":{"line":6,"column":21}},{"start":{"line":6,"column":25},"end":{"line":6,"column":62}}],"line":6},"10":{"loc":{"start":{"line":8,"column":17},"end":{"line":10,"column":1}},"type":"binary-expr","locations":[{"start":{"line":8,"column":18},"end":{"line":8,"column":22}},{"start":{"line":8,"column":26},"end":{"line":8,"column":41}},{"start":{"line":8,"column":46},"end":{"line":10,"column":1}}],"line":8},"11":{"loc":{"start":{"line":9,"column":4},"end":{"line":9,"column":109}},"type":"if","locations":[{"start":{"line":9,"column":4},"end":{"line":9,"column":109}},{"start":{},"end":{}}],"line":9},"12":{"loc":{"start":{"line":9,"column":8},"end":{"line":9,"column":77}},"type":"binary-expr","locations":[{"start":{"line":9,"column":8},"end":{"line":9,"column":35}},{"start":{"line":9,"column":39},"end":{"line":9,"column":77}}],"line":9},"13":{"loc":{"start":{"line":11,"column":14},"end":{"line":13,"column":1}},"type":"binary-expr","locations":[{"start":{"line":11,"column":15},"end":{"line":11,"column":19}},{"start":{"line":11,"column":23},"end":{"line":11,"column":35}},{"start":{"line":11,"column":40},"end":{"line":13,"column":1}}],"line":11}},"s":{"0":0,"1":0,"2":0,"3":0,"4":0,"5":0,"6":0,"7":0,"8":0,"9":0,"10":0,"11":0,"12":0,"13":0,"14":0,"15":0,"16":0,"17":0,"18":0,"19":0,"20":0,"21":0,"22":0,"23":0,"24":0,"25":0,"26":0},"f":{"0":0,"1":0,"2":0,"3":0,"4":0},"b":{"0":[0,0,0],"1":[0,0],"2":[0,0],"3":[0,0],"4":[0,0],"5":[0,0],"6":[0,0],"7":[0,0],"8":[0,0],"9":[0,0,0],"10":[0,0,0],"11":[0,0],"12":[0,0],"13":[0,0,0]}}
,"D:\\Development\\SubliPrintShop\\backend-subli-print\\dist\\graphql\\graphql.module.d.ts": {"path":"D:\\Development\\SubliPrintShop\\backend-subli-print\\dist\\graphql\\graphql.module.d.ts","statementMap":{},"fnMap":{},"branchMap":{},"s":{},"f":{},"b":{}}
,"D:\\Development\\SubliPrintShop\\backend-subli-print\\dist\\graphql\\graphql.module.js": {"path":"D:\\Development\\SubliPrintShop\\backend-subli-print\\dist\\graphql\\graphql.module.js","statementMap":{"0":{"start":{"line":2,"column":17},"end":{"line":7,"column":1}},"1":{"start":{"line":3,"column":12},"end":{"line":3,"column":28}},"2":{"start":{"line":3,"column":34},"end":{"line":3,"column":125}},"3":{"start":{"line":4,"column":4},"end":{"line":5,"column":150}},"4":{"start":{"line":4,"column":79},"end":{"line":4,"column":131}},"5":{"start":{"line":5,"column":9},"end":{"line":5,"column":150}},"6":{"start":{"line":5,"column":22},"end":{"line":5,"column":43}},"7":{"start":{"line":5,"column":58},"end":{"line":5,"column":150}},"8":{"start":{"line":5,"column":81},"end":{"line":5,"column":150}},"9":{"start":{"line":6,"column":4},"end":{"line":6,"column":66}},"10":{"start":{"line":8,"column":0},"end":{"line":8,"column":62}},"11":{"start":{"line":9,"column":0},"end":{"line":9,"column":31}},"12":{"start":{"line":10,"column":17},"end":{"line":10,"column":42}},"13":{"start":{"line":11,"column":20},"end":{"line":11,"column":40}},"14":{"start":{"line":12,"column":18},"end":{"line":12,"column":44}},"15":{"start":{"line":13,"column":17},"end":{"line":13,"column":42}},"16":{"start":{"line":14,"column":15},"end":{"line":14,"column":40}},"17":{"start":{"line":15,"column":20},"end":{"line":16,"column":1}},"18":{"start":{"line":17,"column":0},"end":{"line":17,"column":38}},"19":{"start":{"line":18,"column":0},"end":{"line":56,"column":18}},"20":{"start":{"line":24,"column":20},"end":{"line":49,"column":22}},"21":{"start":{"line":34,"column":28},"end":{"line":36,"column":29}},"22":{"start":{"line":35,"column":32},"end":{"line":35,"column":55}},"23":{"start":{"line":35,"column":51},"end":{"line":35,"column":54}},"24":{"start":{"line":37,"column":28},"end":{"line":37,"column":60}},"25":{"start":{"line":38,"column":28},"end":{"line":39,"column":92}},"26":{"start":{"line":40,"column":28},"end":{"line":40,"column":48}},"27":{"start":{"line":43,"column":76},"end":{"line":43,"column":92}},"28":{"start":{"line":44,"column":28},"end":{"line":47,"column":30}}},"fnMap":{"0":{"name":"(anonymous_0)","decl":{"start":{"line":2,"column":46},"end":{"line":2,"column":47}},"loc":{"start":{"line":2,"column":87},"end":{"line":7,"column":1}},"line":2},"1":{"name":"(anonymous_1)","decl":{"start":{"line":23,"column":28},"end":{"line":23,"column":29}},"loc":{"start":{"line":23,"column":34},"end":{"line":50,"column":17}},"line":23},"2":{"name":"(anonymous_2)","decl":{"start":{"line":33,"column":33},"end":{"line":33,"column":34}},"loc":{"start":{"line":33,"column":51},"end":{"line":41,"column":25}},"line":33},"3":{"name":"(anonymous_3)","decl":{"start":{"line":35,"column":45},"end":{"line":35,"column":46}},"loc":{"start":{"line":35,"column":51},"end":{"line":35,"column":54}},"line":35},"4":{"name":"(anonymous_4)","decl":{"start":{"line":42,"column":37},"end":{"line":42,"column":38}},"loc":{"start":{"line":42,"column":48},"end":{"line":48,"column":25}},"line":42}},"branchMap":{"0":{"loc":{"start":{"line":2,"column":17},"end":{"line":7,"column":1}},"type":"binary-expr","locations":[{"start":{"line":2,"column":18},"end":{"line":2,"column":22}},{"start":{"line":2,"column":26},"end":{"line":2,"column":41}},{"start":{"line":2,"column":46},"end":{"line":7,"column":1}}],"line":2},"1":{"loc":{"start":{"line":3,"column":34},"end":{"line":3,"column":125}},"type":"cond-expr","locations":[{"start":{"line":3,"column":42},"end":{"line":3,"column":48}},{"start":{"line":3,"column":51},"end":{"line":3,"column":125}}],"line":3},"2":{"loc":{"start":{"line":3,"column":51},"end":{"line":3,"column":125}},"type":"cond-expr","locations":[{"start":{"line":3,"column":67},"end":{"line":3,"column":118}},{"start":{"line":3,"column":121},"end":{"line":3,"column":125}}],"line":3},"3":{"loc":{"start":{"line":4,"column":4},"end":{"line":5,"column":150}},"type":"if","locations":[{"start":{"line":4,"column":4},"end":{"line":5,"column":150}},{"start":{"line":5,"column":9},"end":{"line":5,"column":150}}],"line":4},"4":{"loc":{"start":{"line":4,"column":8},"end":{"line":4,"column":77}},"type":"binary-expr","locations":[{"start":{"line":4,"column":8},"end":{"line":4,"column":35}},{"start":{"line":4,"column":39},"end":{"line":4,"column":77}}],"line":4},"5":{"loc":{"start":{"line":5,"column":58},"end":{"line":5,"column":150}},"type":"if","locations":[{"start":{"line":5,"column":58},"end":{"line":5,"column":150}},{"start":{},"end":{}}],"line":5},"6":{"loc":{"start":{"line":5,"column":85},"end":{"line":5,"column":149}},"type":"binary-expr","locations":[{"start":{"line":5,"column":86},"end":{"line":5,"column":143}},{"start":{"line":5,"column":148},"end":{"line":5,"column":149}}],"line":5},"7":{"loc":{"start":{"line":5,"column":86},"end":{"line":5,"column":143}},"type":"cond-expr","locations":[{"start":{"line":5,"column":94},"end":{"line":5,"column":98}},{"start":{"line":5,"column":101},"end":{"line":5,"column":143}}],"line":5},"8":{"loc":{"start":{"line":5,"column":101},"end":{"line":5,"column":143}},"type":"cond-expr","locations":[{"start":{"line":5,"column":109},"end":{"line":5,"column":126}},{"start":{"line":5,"column":129},"end":{"line":5,"column":143}}],"line":5},"9":{"loc":{"start":{"line":6,"column":11},"end":{"line":6,"column":62}},"type":"binary-expr","locations":[{"start":{"line":6,"column":11},"end":{"line":6,"column":16}},{"start":{"line":6,"column":20},"end":{"line":6,"column":21}},{"start":{"line":6,"column":25},"end":{"line":6,"column":62}}],"line":6},"10":{"loc":{"start":{"line":32,"column":42},"end":{"line":32,"column":102}},"type":"cond-expr","locations":[{"start":{"line":32,"column":81},"end":{"line":32,"column":94}},{"start":{"line":32,"column":97},"end":{"line":32,"column":102}}],"line":32},"11":{"loc":{"start":{"line":34,"column":28},"end":{"line":36,"column":29}},"type":"if","locations":[{"start":{"line":34,"column":28},"end":{"line":36,"column":29}},{"start":{},"end":{}}],"line":34},"12":{"loc":{"start":{"line":34,"column":32},"end":{"line":34,"column":50}},"type":"binary-expr","locations":[{"start":{"line":34,"column":32},"end":{"line":34,"column":35}},{"start":{"line":34,"column":39},"end":{"line":34,"column":50}}],"line":34},"13":{"loc":{"start":{"line":37,"column":42},"end":{"line":37,"column":59}},"type":"binary-expr","locations":[{"start":{"line":37,"column":42},"end":{"line":37,"column":53}},{"start":{"line":37,"column":57},"end":{"line":37,"column":59}}],"line":37},"14":{"loc":{"start":{"line":39,"column":32},"end":{"line":39,"column":91}},"type":"binary-expr","locations":[{"start":{"line":39,"column":32},"end":{"line":39,"column":62}},{"start":{"line":39,"column":66},"end":{"line":39,"column":91}}],"line":39}},"s":{"0":0,"1":0,"2":0,"3":0,"4":0,"5":0,"6":0,"7":0,"8":0,"9":0,"10":0,"11":0,"12":0,"13":0,"14":0,"15":0,"16":0,"17":0,"18":0,"19":0,"20":0,"21":0,"22":0,"23":0,"24":0,"25":0,"26":0,"27":0,"28":0},"f":{"0":0,"1":0,"2":0,"3":0,"4":0},"b":{"0":[0,0,0],"1":[0,0],"2":[0,0],"3":[0,0],"4":[0,0],"5":[0,0],"6":[0,0],"7":[0,0],"8":[0,0],"9":[0,0,0],"10":[0,0],"11":[0,0],"12":[0,0],"13":[0,0],"14":[0,0]}}
,"D:\\Development\\SubliPrintShop\\backend-subli-print\\dist\\modules\\auth\\auth.controller.d.ts": {"path":"D:\\Development\\SubliPrintShop\\backend-subli-print\\dist\\modules\\auth\\auth.controller.d.ts","statementMap":{},"fnMap":{},"branchMap":{},"s":{},"f":{},"b":{}}
,"D:\\Development\\SubliPrintShop\\backend-subli-print\\dist\\modules\\auth\\auth.controller.js": {"path":"D:\\Development\\SubliPrintShop\\backend-subli-print\\dist\\modules\\auth\\auth.controller.js","statementMap":{"0":{"start":{"line":2,"column":17},"end":{"line":7,"column":1}},"1":{"start":{"line":3,"column":12},"end":{"line":3,"column":28}},"2":{"start":{"line":3,"column":34},"end":{"line":3,"column":125}},"3":{"start":{"line":4,"column":4},"end":{"line":5,"column":150}},"4":{"start":{"line":4,"column":79},"end":{"line":4,"column":131}},"5":{"start":{"line":5,"column":9},"end":{"line":5,"column":150}},"6":{"start":{"line":5,"column":22},"end":{"line":5,"column":43}},"7":{"start":{"line":5,"column":58},"end":{"line":5,"column":150}},"8":{"start":{"line":5,"column":81},"end":{"line":5,"column":150}},"9":{"start":{"line":6,"column":4},"end":{"line":6,"column":66}},"10":{"start":{"line":8,"column":17},"end":{"line":10,"column":1}},"11":{"start":{"line":9,"column":4},"end":{"line":9,"column":109}},"12":{"start":{"line":9,"column":79},"end":{"line":9,"column":109}},"13":{"start":{"line":11,"column":14},"end":{"line":13,"column":1}},"14":{"start":{"line":12,"column":4},"end":{"line":12,"column":73}},"15":{"start":{"line":12,"column":36},"end":{"line":12,"column":71}},"16":{"start":{"line":14,"column":0},"end":{"line":14,"column":62}},"17":{"start":{"line":15,"column":0},"end":{"line":15,"column":32}},"18":{"start":{"line":16,"column":17},"end":{"line":16,"column":42}},"19":{"start":{"line":17,"column":20},"end":{"line":17,"column":46}},"20":{"start":{"line":18,"column":15},"end":{"line":18,"column":43}},"21":{"start":{"line":19,"column":19},"end":{"line":19,"column":46}},"22":{"start":{"line":20,"column":23},"end":{"line":20,"column":57}},"23":{"start":{"line":21,"column":24},"end":{"line":21,"column":59}},"24":{"start":{"line":22,"column":25},"end":{"line":22,"column":59}},"25":{"start":{"line":23,"column":29},"end":{"line":23,"column":82}},"26":{"start":{"line":24,"column":21},"end":{"line":83,"column":1}},"27":{"start":{"line":28,"column":8},"end":{"line":28,"column":39}},"28":{"start":{"line":29,"column":8},"end":{"line":29,"column":41}},"29":{"start":{"line":32,"column":21},"end":{"line":32,"column":69}},"30":{"start":{"line":33,"column":48},"end":{"line":37,"column":10}},"31":{"start":{"line":38,"column":8},"end":{"line":44,"column":11}},"32":{"start":{"line":45,"column":8},"end":{"line":45,"column":32}},"33":{"start":
[...]
,"D:\\Development\\SubliPrintShop\\backend-subli-print\\src\\modules\\users\\users.service.ts": {"path":"D:\\Development\\SubliPrintShop\\backend-subli-print\\src\\modules\\users\\users.service.ts","statementMap":{"0":{"start":{"line":1,"column":0},"end":{"line":1,"column":33}},"1":{"start":{"line":2,"column":0},"end":{"line":2,"column":null}},"2":{"start":{"line":9,"column":0},"end":{"line":9,"column":47}},"3":{"start":{"line":10,"column":0},"end":{"line":10,"column":33}},"4":{"start":{"line":11,"column":0},"end":{"line":11,"column":45}},"5":{"start":{"line":16,"column":7},"end":{"line":63,"column":null}},"6":{"start":{"line":17,"column":46},"end":{"line":17,"column":57}},"7":{"start":{"line":20,"column":20},"end":{"line":20,"column":51}},"8":{"start":{"line":21,"column":4},"end":{"line":26,"column":5}},"9":{"start":{"line":22,"column":29},"end":{"line":22,"column":65}},"10":{"start":{"line":23,"column":6},"end":{"line":23,"column":33}},"11":{"start":{"line":24,"column":6},"end":{"line":24,"column":40}},"12":{"start":{"line":25,"column":6},"end":{"line":25,"column":28}},"13":{"start":{"line":28,"column":4},"end":{"line":28,"column":26}},"14":{"start":{"line":32,"column":4},"end":{"line":32,"column":40}},"15":{"start":{"line":36,"column":4},"end":{"line":36,"column":48}},"16":{"start":{"line":40,"column":4},"end":{"line":42,"column":14}},"17":{"start":{"line":46,"column":48},"end":{"line":46,"column":53}},"18":{"start":{"line":47,"column":17},"end":{"line":47,"column":59}},"19":{"start":{"line":48,"column":4},"end":{"line":48,"column":67}},"20":{"start":{"line":48,"column":15},"end":{"line":48,"column":67}},"21":{"start":{"line":49,"column":24},"end":{"line":49,"column":79}},"22":{"start":{"line":50,"column":4},"end":{"line":50,"column":72}},"23":{"start":{"line":50,"column":22},"end":{"line":50,"column":72}},"24":{"start":{"line":51,"column":27},"end":{"line":51,"column":61}},"25":{"start":{"line":52,"column":4},"end":{"line":56,"column":14}},"26":{"start":{"line":60,"column":19},"end":{"line":60,"column":68}},"27":{"start":{"line":61,"column":4},"end":{"line":61,"column":20}},"28":{"start":{"line":16,"column":13},"end":{"line":16,"column":25}},"29":{"start":{"line":16,"column":13},"end":{"line":63,"column":null}}},"fnMap":{"0":{"name":"(anonymous_4)","decl":{"start":{"line":17,"column":2},"end":{"line":17,"column":15}},"loc":{"start":{"line":17,"column":68},"end":{"line":17,"column":72}}},"1":{"name":"(anonymous_5)","decl":{"start":{"line":19,"column":2},"end":{"line":19,"column":7}},"loc":{"start":{"line":19,"column":52},"end":{"line":29,"column":3}}},"2":{"name":"(anonymous_6)","decl":{"start":{"line":31,"column":2},"end":{"line":31,"column":9}},"loc":{"start":{"line":31,"column":9},"end":{"line":33,"column":3}}},"3":{"name":"(anonymous_7)","decl":{"start":{"line":35,"column":2},"end":{"line":35,"column":9}},"loc":{"start":{"line":35,"column":52},"end":{"line":37,"column":3}}},"4":{"name":"(anonymous_8)","decl":{"start":{"line":39,"column":2},"end":{"line":39,"column":8}},"loc":{"start":{"line":39,"column":31},"end":{"line":43,"column":3}}},"5":{"name":"(anonymous_9)","decl":{"start":{"line":45,"column":2},"end":{"line":45,"column":7}},"loc":{"start":{"line":45,"column":47},"end":{"line":57,"column":3}}},"6":{"name":"(anonymous_10)","decl":{"start":{"line":59,"column":2},"end":{"line":59,"column":7}},"loc":{"start":{"line":59,"column":25},"end":{"line":62,"column":3}}}},"branchMap":{"0":{"loc":{"start":{"line":21,"column":4},"end":{"line":26,"column":5}},"type":"if","locations":[{"start":{"line":21,"column":4},"end":{"line":26,"column":5}}]},"1":{"loc":{"start":{"line":21,"column":8},"end":{"line":21,"column":52}},"type":"binary-expr","locations":[{"start":{"line":21,"column":8},"end":{"line":21,"column":22}},{"start":{"line":21,"column":26},"end":{"line":21,"column":52}}]},"2":{"loc":{"start":{"line":48,"column":4},"end":{"line":48,"column":67}},"type":"if","locations":[{"start":{"line":48,"column":4},"end":{"line":48,"column":67}}]},"3":{"loc":{"start":{"line":50,"column":4},"end":{"line":50,"column":72}},"type":"if","locations":[{"start":{"line":50,"column":4},"end":{"line":50,"column":72}}]}},"s":{"0":5,"1":5,"2":5,"3":5,"4":5,"5":5,"6":8,"7":0,"8":0,"9":0,"10":0,"11":0,"12":0,"13":0,"14":0,"15":4,"16":0,"17":0,"18":0,"19":0,"20":0,"21":0,"22":0,"23":0,"24":0,"25":0,"26":0,"27":0,"28":5,"29":5},"f":{"0":8,"1":0,"2":0,"3":4,"4":0,"5":0,"6":0},"b":{"0":[0],"1":[0,0],"2":[0],"3":[0]}}
,"D:\\Development\\SubliPrintShop\\backend-subli-print\\src\\modules\\users\\dto\\create-user.input.ts": {"path":"D:\\Development\\SubliPrintShop\\backend-subli-print\\src\\modules\\users\\dto\\create-user.input.ts","statementMap":{"0":{"start":{"line":1,"column":0},"end":{"line":1,"column":51}},"1":{"start":{"line":2,"column":0},"end":{"line":2,"column":72}},"2":{"start":{"line":3,"column":0},"end":{"line":3,"column":62}},"3":{"start":{"line":4,"column":0},"end":{"line":4,"column":73}},"4":{"start":{"line":7,"column":7},"end":{"line":41,"column":null}},"5":{"start":{"line":7,"column":13},"end":{"line":7,"column":28}},"6":{"start":{"line":11,"column":2},"end":{"line":11,"column":null}},"7":{"start":{"line":16,"column":2},"end":{"line":16,"column":null}},"8":{"start":{"line":20,"column":2},"end":{"line":20,"column":null}},"9":{"start":{"line":29,"column":2},"end":{"line":29,"column":null}},"10":{"start":{"line":34,"column":2},"end":{"line":34,"column":null}},"11":{"start":{"line":38,"column":2},"end":{"line":38,"column":null}},"12":{"start":{"line":7,"column":13},"end":{"line":41,"column":null}}},"fnMap":{},"branchMap":{},"s":{"0":6,"1":6,"2":6,"3":6,"4":6,"5":6,"6":6,"7":6,"8":6,"9":6,"10":6,"11":6,"12":6},"f":{},"b":{}}
,"D:\\Development\\SubliPrintShop\\backend-subli-print\\src\\modules\\users\\dto\\reset-pass.input.ts": {"path":"D:\\Development\\SubliPrintShop\\backend-subli-print\\src\\modules\\users\\dto\\reset-pass.input.ts","statementMap":{"0":{"start":{"line":1,"column":0},"end":{"line":1,"column":51}},"1":{"start":{"line":2,"column":0},"end":{"line":2,"column":75}},"2":{"start":{"line":3,"column":0},"end":{"line":3,"column":62}},"3":{"start":{"line":4,"column":0},"end":{"line":4,"column":68}},"4":{"start":{"line":7,"column":7},"end":{"line":38,"column":null}},"5":{"start":{"line":7,"column":13},"end":{"line":7,"column":31}},"6":{"start":{"line":10,"column":2},"end":{"line":10,"column":null}},"7":{"start":{"line":19,"column":2},"end":{"line":19,"column":null}},"8":{"start":{"line":31,"column":2},"end":{"line":31,"column":null}},"9":{"start":{"line":37,"column":2},"end":{"line":37,"column":null}},"10":{"start":{"line":7,"column":13},"end":{"line":38,"column":null}}},"fnMap":{},"branchMap":{},"s":{"0":5,"1":5,"2":5,"3":5,"4":5,"5":5,"6":5,"7":5,"8":5,"9":5,"10":5},"f":{},"b":{}}
,"D:\\Development\\SubliPrintShop\\backend-subli-print\\src\\modules\\users\\dto\\update-user.input.ts": {"path":"D:\\Development\\SubliPrintShop\\backend-subli-print\\src\\modules\\users\\dto\\update-user.input.ts","statementMap":{"0":{"start":{"line":1,"column":0},"end":{"line":1,"column":68}},"1":{"start":{"line":2,"column":0},"end":{"line":2,"column":54}},"2":{"start":{"line":5,"column":7},"end":{"line":8,"column":null}},"3":{"start":{"line":5,"column":13},"end":{"line":5,"column":28}},"4":{"start":{"line":7,"column":2},"end":{"line":7,"column":null}},"5":{"start":{"line":6,"column":15},"end":{"line":6,"column":17}},"6":{"start":{"line":5,"column":13},"end":{"line":8,"column":null}}},"fnMap":{"0":{"name":"(anonymous_2)","decl":{"start":{"line":6,"column":9},"end":{"line":6,"column":12}},"loc":{"start":{"line":6,"column":15},"end":{"line":6,"column":17}}}},"branchMap":{},"s":{"0":5,"1":5,"2":5,"3":5,"4":5,"5":4,"6":5},"f":{"0":4},"b":{}}
,"D:\\Development\\SubliPrintShop\\backend-subli-print\\src\\modules\\users\\entities\\user.entity.ts": {"path":"D:\\Development\\SubliPrintShop\\backend-subli-print\\src\\modules\\users\\entities\\user.entity.ts","statementMap":{"0":{"start":{"line":1,"column":0},"end":{"line":1,"column":56}},"1":{"start":{"line":5,"column":7},"end":{"line":26,"column":null}},"2":{"start":{"line":5,"column":13},"end":{"line":5,"column":17}},"3":{"start":{"line":7,"column":2},"end":{"line":7,"column":null}},"4":{"start":{"line":6,"column":15},"end":{"line":6,"column":17}},"5":{"start":{"line":10,"column":2},"end":{"line":10,"column":null}},"6":{"start":{"line":9,"column":15},"end":{"line":9,"column":21}},"7":{"start":{"line":13,"column":2},"end":{"line":13,"column":null}},"8":{"start":{"line":12,"column":15},"end":{"line":12,"column":21}},"9":{"start":{"line":16,"column":2},"end":{"line":16,"column":null}},"10":{"start":{"line":15,"column":15},"end":{"line":15,"column":21}},"11":{"start":{"line":19,"column":2},"end":{"line":19,"column":null}},"12":{"start":{"line":18,"column":15},"end":{"line":18,"column":21}},"13":{"start":{"line":22,"column":2},"end":{"line":22,"column":null}},"14":{"start":{"line":21,"column":15},"end":{"line":21,"column":21}},"15":{"start":{"line":25,"column":2},"end":{"line":25,"column":null}},"16":{"start":{"line":5,"column":13},"end":{"line":26,"column":null}}},"fnMap":{"0":{"name":"(anonymous_2)","decl":{"start":{"line":6,"column":9},"end":{"line":6,"column":12}},"loc":{"start":{"line":6,"column":15},"end":{"line":6,"column":17}}},"1":{"name":"(anonymous_3)","decl":{"start":{"line":9,"column":9},"end":{"line":9,"column":12}},"loc":{"start":{"line":9,"column":15},"end":{"line":9,"column":21}}},"2":{"name":"(anonymous_4)","decl":{"start":{"line":12,"column":9},"end":{"line":12,"column":12}},"loc":{"start":{"line":12,"column":15},"end":{"line":12,"column":21}}},"3":{"name":"(anonymous_5)","decl":{"start":{"line":15,"column":9},"end":{"line":15,"column":12}},"loc":{"start":{"line":15,"column":15},"end":{"line":15,"column":21}}},"4":{"name":"(anonymous_6)","decl":{"start":{"line":18,"column":9},"end":{"line":18,"column":12}},"loc":{"start":{"line":18,"column":15},"end":{"line":18,"column":21}}},"5":{"name":"(anonymous_7)","decl":{"start":{"line":21,"column":9},"end":{"line":21,"column":12}},"loc":{"start":{"line":21,"column":15},"end":{"line":21,"column":21}}}},"branchMap":{},"s":{"0":4,"1":4,"2":4,"3":4,"4":12,"5":4,"6":12,"7":4,"8":12,"9":4,"10":12,"11":4,"12":12,"13":4,"14":12,"15":4,"16":4},"f":{"0":12,"1":12,"2":12,"3":12,"4":12,"5":12},"b":{}}
,"D:\\Development\\SubliPrintShop\\backend-subli-print\\src\\modules\\users\\schemas\\user.schema.ts": {"path":"D:\\Development\\SubliPrintShop\\backend-subli-print\\src\\modules\\users\\schemas\\user.schema.ts","statementMap":{"0":{"start":{"line":1,"column":0},"end":{"line":1,"column":63}},"1":{"start":{"line":2,"column":0},"end":{"line":2,"column":36}},"2":{"start":{"line":16,"column":7},"end":{"line":40,"column":null}},"3":{"start":{"line":16,"column":13},"end":{"line":16,"column":17}},"4":{"start":{"line":18,"column":2},"end":{"line":18,"column":null}},"5":{"start":{"line":21,"column":2},"end":{"line":21,"column":null}},"6":{"start":{"line":24,"column":2},"end":{"line":24,"column":null}},"7":{"start":{"line":27,"column":2},"end":{"line":27,"column":null}},"8":{"start":{"line":30,"column":2},"end":{"line":30,"column":null}},"9":{"start":{"line":33,"column":2},"end":{"line":33,"column":null}},"10":{"start":{"line":36,"column":2},"end":{"line":36,"column":null}},"11":{"start":{"line":39,"column":2},"end":{"line":39,"column":null}},"12":{"start":{"line":16,"column":13},"end":{"line":40,"column":null}},"13":{"start":{"line":42,"column":13},"end":{"line":42,"column":61}}},"fnMap":{},"branchMap":{},"s":{"0":5,"1":5,"2":5,"3":5,"4":5,"5":5,"6":5,"7":5,"8":5,"9":5,"10":5,"11":5,"12":5,"13":5},"f":{},"b":{}}
,"D:\\Development\\SubliPrintShop\\backend-subli-print\\src\\mongodb\\mongodb.module.ts": {"path":"D:\\Development\\SubliPrintShop\\backend-subli-print\\src\\mongodb\\mongodb.module.ts","statementMap":{"0":{"start":{"line":1,"column":0},"end":{"line":1,"column":40}},"1":{"start":{"line":2,"column":0},"end":{"line":2,"column":50}},"2":{"start":{"line":3,"column":0},"end":{"line":3,"column":39}},"3":{"start":{"line":15,"column":7},"end":{"line":15,"column":null}},"4":{"start":{"line":15,"column":13},"end":{"line":15,"column":26}},"5":{"start":{"line":15,"column":13},"end":{"line":15,"column":null}}},"fnMap":{},"branchMap":{"0":{"loc":{"start":{"line":8,"column":14},"end":{"line":8,"column":76}},"type":"cond-expr","locations":[{"start":{"line":8,"column":40},"end":{"line":8,"column":59}},{"start":{"line":8,"column":62},"end":{"line":8,"column":76}}]}},"s":{"0":4,"1":4,"2":4,"3":4,"4":4,"5":4},"f":{},"b":{"0":[4,0]}}
,"D:\\Development\\SubliPrintShop\\backend-subli-print\\test\\utils\\constants.ts": {"path":"D:\\Development\\SubliPrintShop\\backend-subli-print\\test\\utils\\constants.ts","statementMap":{"0":{"start":{"line":6,"column":13},"end":{"line":6,"column":52}},"1":{"start":{"line":7,"column":13},"end":{"line":7,"column":56}},"2":{"start":{"line":8,"column":13},"end":{"line":8,"column":53}},"3":{"start":{"line":9,"column":13},"end":{"line":9,"column":49}},"4":{"start":{"line":11,"column":13},"end":{"line":18,"column":2}},"5":{"start":{"line":20,"column":13},"end":{"line":23,"column":2}},"6":{"start":{"line":25,"column":13},"end":{"line":41,"column":10}},"7":{"start":{"line":33,"column":19},"end":{"line":40,"column":4}},"8":{"start":{"line":43,"column":13},"end":{"line":50,"column":21}},"9":{"start":{"line":52,"column":13},"end":{"line":68,"column":10}},"10":{"start":{"line":60,"column":19},"end":{"line":67,"column":4}},"11":{"start":{"line":70,"column":13},"end":{"line":87,"column":2}},"12":{"start":{"line":89,"column":13},"end":{"line":93,"column":18}}},"fnMap":{"0":{"name":"(anonymous_0)","decl":{"start":{"line":33,"column":12},"end":{"line":33,"column":15}},"loc":{"start":{"line":33,"column":19},"end":{"line":40,"column":4}}},"1":{"name":"(anonymous_1)","decl":{"start":{"line":60,"column":12},"end":{"line":60,"column":15}},"loc":{"start":{"line":60,"column":19},"end":{"line":67,"column":4}}}},"branchMap":{},"s":{"0":7,"1":7,"2":7,"3":7,"4":7,"5":7,"6":7,"7":1,"8":7,"9":7,"10":0,"11":7,"12":7},"f":{"0":1,"1":0},"b":{}}
,"D:\\Development\\SubliPrintShop\\backend-subli-print\\test\\utils\\create-app.ts": {"path":"D:\\Development\\SubliPrintShop\\backend-subli-print\\test\\utils\\create-app.ts","statementMap":{"0":{"start":{"line":18,"column":0},"end":{"line":18,"column":7}},"1":{"start":{"line":1,"column":0},"end":{"line":1,"column":54}},"2":{"start":{"line":3,"column":0},"end":{"line":3,"column":45}},"3":{"start":{"line":4,"column":0},"end":{"line":4,"column":46}},"4":{"start":{"line":5,"column":0},"end":{"line":5,"column":43}},"5":{"start":{"line":6,"column":0},"end":{"line":6,"column":43}},"6":{"start":{"line":7,"column":0},"end":{"line":7,"column":64}},"7":{"start":{"line":8,"column":0},"end":{"line":8,"column":60}},"8":{"start":{"line":9,"column":0},"end":{"line":9,"column":46}},"9":{"start":{"line":10,"column":0},"end":{"line":10,"column":78}},"10":{"start":{"line":11,"column":0},"end":{"line":11,"column":53}},"11":{"start":{"line":12,"column":0},"end":{"line":12,"column":57}},"12":{"start":{"line":21,"column":35},"end":{"line":26,"column":14}},"13":{"start":{"line":28,"column":14},"end":{"line":28,"column":71}},"14":{"start":{"line":29,"column":2},"end":{"line":29,"column":34}},"15":{"start":{"line":30,"column":2},"end":{"line":30,"column":44}},"16":{"start":{"line":31,"column":2},"end":{"line":31,"column":28}},"17":{"start":{"line":32,"column":2},"end":{"line":32,"column":26}},"18":{"start":{"line":33,"column":2},"end":{"line":33,"column":50}},"19":{"start":{"line":33,"column":15},"end":{"line":33,"column":50}},"20":{"start":{"line":34,"column":2},"end":{"line":34,"column":29}},"21":{"start":{"line":36,"column":2},"end":{"line":36,"column":30}},"22":{"start":{"line":37,"column":2},"end":{"line":37,"column":35}},"23":{"start":{"line":38,"column":2},"end":{"line":38,"column":57}},"24":{"start":{"line":40,"column":2},"end":{"line":40,"column":19}},"25":{"start":{"line":41,"column":2},"end":{"line":41,"column":13}}},"fnMap":{"0":{"name":"createTestApp","decl":{"start":{"line":18,"column":22},"end":{"line":18,"column":35}},"loc":{"start":{"line":20,"column":11},"end":{"line":42,"column":1}}}},"branchMap":{"0":{"loc":{"start":{"line":33,"column":2},"end":{"line":33,"column":50}},"type":"if","locations":[{"start":{"line":33,"column":2},"end":{"line":33,"column":50}}]}},"s":{"0":4,"1":4,"2":4,"3":4,"4":4,"5":4,"6":4,"7":4,"8":4,"9":4,"10":4,"11":4,"12":4,"13":4,"14":4,"15":4,"16":4,"17":4,"18":4,"19":1,"20":4,"21":4,"22":4,"23":4,"24":4,"25":4},"f":{"0":4},"b":{"0":[1]}}
,"D:\\Development\\SubliPrintShop\\backend-subli-print\\test\\utils\\mock-response.ts": {"path":"D:\\Development\\SubliPrintShop\\backend-subli-print\\test\\utils\\mock-response.ts","statementMap":{"0":{"start":{"line":3,"column":34},"end":{"line":12,"column":1}},"1":{"start":{"line":4,"column":33},"end":{"line":4,"column":35}},"2":{"start":{"line":6,"column":2},"end":{"line":6,"column":46}},"3":{"start":{"line":7,"column":2},"end":{"line":7,"column":46}},"4":{"start":{"line":8,"column":2},"end":{"line":8,"column":44}},"5":{"start":{"line":9,"column":2},"end":{"line":9,"column":44}},"6":{"start":{"line":11,"column":2},"end":{"line":11,"column":13}},"7":{"start":{"line":3,"column":13},"end":{"line":3,"column":34}}},"fnMap":{"0":{"name":"(anonymous_0)","decl":{"start":{"line":3,"column":34},"end":{"line":3,"column":56}},"loc":{"start":{"line":3,"column":58},"end":{"line":12,"column":1}}}},"branchMap":{},"s":{"0":1,"1":2,"2":2,"3":2,"4":2,"5":2,"6":2,"7":1},"f":{"0":2},"b":{}}
,"D:\\Development\\SubliPrintShop\\backend-subli-print\\test\\utils\\test-app.factory.ts": {"path":"D:\\Development\\SubliPrintShop\\backend-subli-print\\test\\utils\\test-app.factory.ts","statementMap":{"0":{"start":{"line":1,"column":0},"end":{"line":1,"column":62}},"1":{"start":{"line":3,"column":0},"end":{"line":3,"column":52}},"2":{"start":{"line":6,"column":7},"end":{"line":12,"column":null}},"3":{"start":{"line":8,"column":16},"end":{"line":8,"column":60}},"4":{"start":{"line":9,"column":4},"end":{"line":9,"column":37}},"5":{"start":{"line":10,"column":4},"end":{"line":10,"column":16}},"6":{"start":{"line":6,"column":13},"end":{"line":6,"column":32}},"7":{"start":{"line":6,"column":13},"end":{"line":12,"column":null}}},"fnMap":{"0":{"name":"(anonymous_1)","decl":{"start":{"line":7,"column":2},"end":{"line":7,"column":13}},"loc":{"start":{"line":7,"column":39},"end":{"line":11,"column":3}}}},"branchMap":{},"s":{"0":4,"1":4,"2":4,"3":1,"4":1,"5":1,"6":4,"7":4},"f":{"0":1},"b":{}}
}
