TN:
SF:src\app.module.ts
FN:17,(anonymous_1)
FNF:1
FNH:1
FNDA:5,(anonymous_1)
DA:1,5
DA:2,5
DA:3,5
DA:4,5
DA:5,5
DA:6,5
DA:7,5
DA:8,5
DA:9,5
DA:10,5
DA:11,5
DA:12,5
DA:13,5
DA:16,5
DA:18,5
LF:15
LH:15
BRF:0
BRH:0
end_of_record
TN:
SF:src\common\constants\auth-provider.ts
FNF:0
FNH:0
DA:1,0
LF:1
LH:0
BRF:0
BRH:0
end_of_record
TN:
SF:src\common\constants\roles..ts
FNF:0
FNH:0
DA:1,7
LF:1
LH:1
BRF:0
BRH:0
end_of_record
TN:
SF:src\common\decorators\get-user.decorator.ts
FN:7,(anonymous_0)
FNF:1
FNH:1
FNDA:3,(anonymous_0)
DA:1,5
DA:2,5
DA:6,5
DA:8,3
DA:9,3
DA:10,3
DA:11,3
DA:14,0
DA:15,0
DA:18,0
LF:10
LH:7
BRDA:9,0,0,3
BRF:1
BRH:1
end_of_record
TN:
SF:src\common\decorators\immutable.decorator.ts
FN:3,Immutable
FN:4,(anonymous_1)
FN:11,(anonymous_2)
FN:14,(anonymous_3)
FNF:4
FNH:4
FNDA:24,Immutable
FNDA:24,(anonymous_1)
FNDA:3,(anonymous_2)
FNDA:3,(anonymous_3)
DA:1,6
DA:3,6
DA:4,24
DA:5,24
DA:12,3
DA:15,3
LF:6
LH:6
BRF:0
BRH:0
end_of_record
TN:
SF:src\common\decorators\match.decorator.ts
FN:7,Match
FN:8,(anonymous_1)
FN:16,(anonymous_2)
FN:29,(anonymous_3)
FNF:4
FNH:4
FNDA:13,Match
FNDA:13,(anonymous_1)
FNDA:16,(anonymous_2)
FNDA:2,(anonymous_3)
DA:1,8
DA:7,8
DA:8,13
DA:9,13
DA:17,16
DA:18,16
DA:22,16
DA:23,0
DA:26,16
DA:30,2
DA:31,2
LF:11
LH:10
BRDA:22,0,0,0
BRDA:22,1,0,16
BRDA:22,1,1,16
BRF:3
BRH:2
end_of_record
TN:
SF:src\common\decorators\no-match.decorator.ts
FN:7,NotMatch
FN:11,(anonymous_1)
FN:19,(anonymous_2)
FN:32,(anonymous_3)
FNF:4
FNH:3
FNDA:6,NotMatch
FNDA:6,(anonymous_1)
FNDA:6,(anonymous_2)
FNDA:0,(anonymous_3)
DA:1,6
DA:7,6
DA:11,6
DA:12,6
DA:20,6
DA:21,6
DA:25,6
DA:26,0
DA:29,6
DA:33,0
DA:34,0
LF:11
LH:8
BRDA:25,0,0,0
BRDA:25,1,0,6
BRDA:25,1,1,6
BRF:3
BRH:2
end_of_record
TN:
SF:src\common\decorators\valid-role.decorator.ts
FN:8,IsValidRole
FN:9,(anonymous_1)
FN:16,(anonymous_2)
FN:24,(anonymous_3)
FNF:4
FNH:4
FNDA:7,IsValidRole
FNDA:7,(anonymous_1)
FNDA:10,(anonymous_2)
FNDA:1,(anonymous_3)
DA:1,7
DA:6,7
DA:8,7
DA:9,7
DA:10,7
DA:17,10
DA:25,1
LF:7
LH:7
BRDA:18,0,0,10
BRDA:18,0,1,1
BRDA:18,0,2,1
BRF:3
BRH:3
end_of_record
TN:
SF:src\common\filters\all-exception.filter.ts
FN:20,(anonymous_1)
FN:30,(anonymous_2)
FN:56,(anonymous_3)
FN:83,(anonymous_4)
FNF:4
FNH:3
FNDA:1,(anonymous_1)
FNDA:1,(anonymous_2)
FNDA:0,(anonymous_3)
FNDA:1,(anonymous_4)
DA:1,5
DA:10,5
DA:13,5
DA:14,5
DA:18,5
DA:19,5
DA:21,1
DA:23,1
DA:24,1
DA:27,0
DA:31,1
DA:32,1
DA:33,1
DA:35,1
DA:37,1
DA:43,1
DA:44,0
DA:49,1
DA:57,0
DA:58,0
DA:59,0
DA:61,0
DA:62,0
DA:68,0
DA:69,0
DA:76,0
DA:87,1
DA:89,1
DA:90,1
DA:92,1
DA:95,1
DA:99,1
DA:108,0
LF:33
LH:22
BRDA:23,0,0,1
BRDA:39,1,0,1
BRDA:39,1,1,0
BRDA:43,2,0,0
BRDA:65,3,0,0
BRDA:65,3,1,0
BRDA:68,4,0,0
BRDA:70,5,0,0
BRDA:70,5,1,0
BRDA:70,6,0,0
BRDA:70,6,1,0
BRDA:87,7,0,0
BRDA:89,8,0,1
BRDA:95,9,0,0
BRDA:95,9,1,1
BRDA:97,10,0,1
BRDA:97,10,1,0
BRDA:102,11,0,1
BRDA:102,11,1,0
BRDA:102,12,0,1
BRDA:102,12,1,0
BRDA:108,13,0,0
BRDA:108,13,1,0
BRF:23
BRH:7
end_of_record
TN:
SF:src\common\filters\validation-exception.filter.ts
FN:15,(anonymous_1)
FNF:1
FNH:1
FNDA:5,(anonymous_1)
DA:1,5
DA:9,5
DA:10,5
DA:13,5
DA:14,5
DA:16,5
DA:18,5
DA:19,1
DA:20,1
DA:21,1
DA:23,1
DA:25,1
DA:31,1
DA:32,0
DA:37,1
DA:38,1
DA:40,4
DA:41,0
DA:45,4
LF:19
LH:17
BRDA:18,0,0,1
BRDA:31,1,0,0
BRDA:40,2,0,0
BRF:3
BRH:1
end_of_record
TN:
SF:src\common\guards\gql-throttler.guard.ts
FN:8,(anonymous_1)
FN:38,(anonymous_2)
FNF:2
FNH:2
FNDA:57,(anonymous_1)
FNDA:19,(anonymous_2)
DA:1,5
DA:2,5
DA:3,5
DA:7,5
DA:15,57
DA:16,57
DA:17,57
DA:18,57
DA:20,57
DA:21,27
DA:23,30
DA:24,30
DA:26,30
DA:27,0
DA:30,30
DA:32,30
DA:34,0
DA:35,0
DA:42,19
DA:43,19
DA:45,0
DA:46,0
DA:48,0
LF:23
LH:17
BRDA:20,0,0,27
BRDA:20,1,0,57
BRDA:20,1,1,27
BRDA:26,2,0,0
BRDA:26,3,0,30
BRDA:26,3,1,30
BRDA:45,4,0,0
BRDA:45,5,0,0
BRDA:45,5,1,0
BRF:9
BRH:5
end_of_record
TN:
SF:src\common\middlewares\session.middleware.ts
FN:5,sessionMiddleware
FNF:1
FNH:1
FNDA:21,sessionMiddleware
DA:2,6
DA:3,6
DA:5,6
DA:10,21
DA:12,21
DA:13,20
DA:14,20
DA:23,21
LF:8
LH:8
BRDA:12,0,0,20
BRF:1
BRH:1
end_of_record
TN:
SF:src\config\cors.config.ts
FN:5,(anonymous_0)
FN:13,(anonymous_1)
FNF:2
FNH:2
FNDA:24,(anonymous_0)
FNDA:4,(anonymous_1)
DA:2,6
DA:4,6
DA:9,24
DA:10,6
DA:12,6
DA:14,4
DA:15,4
DA:17,1
DA:20,6
DA:21,3
DA:22,3
DA:24,0
DA:27,3
LF:13
LH:12
BRDA:9,0,0,18
BRDA:10,1,0,6
BRDA:10,1,1,0
BRDA:12,2,0,6
BRDA:12,2,1,4
BRDA:20,3,0,3
BRDA:21,4,0,3
BRF:7
BRH:6
end_of_record
TN:
SF:src\config\csrf.config.ts
FN:5,(anonymous_0)
FN:11,(anonymous_1)
FN:26,(anonymous_2)
FNF:3
FNH:3
FNDA:5,(anonymous_0)
FNDA:3,(anonymous_1)
FNDA:3,(anonymous_2)
DA:1,6
DA:3,6
DA:5,6
DA:6,5
DA:7,5
DA:8,5
DA:11,6
DA:12,3
DA:13,3
DA:16,3
DA:22,3
DA:25,6
DA:26,3
DA:39,6
LF:14
LH:14
BRDA:8,0,0,1
BRDA:8,0,1,4
BRDA:8,1,0,5
BRDA:8,1,1,1
BRDA:8,2,0,4
BRDA:8,2,1,0
BRDA:16,3,0,1
BRDA:16,3,1,2
BRDA:16,4,0,3
BRDA:16,4,1,3
BRDA:16,4,2,3
BRDA:22,5,0,3
BRDA:22,5,1,2
BRF:13
BRH:12
end_of_record
TN:
SF:src\config\envs.ts
FNF:0
FNH:0
DA:1,9
DA:2,9
DA:19,9
DA:37,9
DA:39,9
DA:40,0
DA:43,9
DA:45,9
LF:8
LH:7
BRDA:39,0,0,0
BRDA:51,1,0,9
BRDA:51,1,1,0
BRF:3
BRH:1
end_of_record
TN:
SF:src\config\helmet.config.ts
FNF:0
FNH:0
DA:1,5
DA:3,5
LF:2
LH:2
BRF:0
BRH:0
end_of_record
TN:
SF:src\config\pipes.config.ts
FN:7,(anonymous_0)
FN:8,(anonymous_1)
FNF:2
FNH:2
FNDA:2,(anonymous_0)
FNDA:6,(anonymous_1)
DA:1,5
DA:3,5
DA:8,6
DA:14,2
LF:4
LH:4
BRDA:10,0,0,6
BRDA:10,0,1,0
BRF:2
BRH:1
end_of_record
TN:
SF:src\config\swagger.config.ts
FNF:0
FNH:0
DA:1,0
DA:3,0
LF:2
LH:0
BRF:0
BRH:0
end_of_record
TN:
SF:src\csrf\csrf.controller.ts
FN:10,(anonymous_4)
FNF:1
FNH:1
FNDA:3,(anonymous_4)
DA:1,5
DA:3,5
DA:6,5
DA:7,5
DA:10,5
DA:11,3
DA:12,3
LF:7
LH:7
BRF:0
BRH:0
end_of_record
TN:
SF:src\graphql\graphql.module.ts
FN:13,(anonymous_1)
FN:24,(anonymous_2)
FN:26,(anonymous_3)
FN:35,(anonymous_4)
FNF:4
FNH:3
FNDA:5,(anonymous_1)
FNDA:10,(anonymous_2)
FNDA:0,(anonymous_3)
FNDA:4,(anonymous_4)
DA:1,5
DA:2,5
DA:3,5
DA:4,5
DA:6,5
DA:14,5
DA:25,10
DA:26,0
DA:29,10
DA:30,10
DA:33,10
DA:37,4
DA:38,4
DA:50,5
LF:14
LH:13
BRDA:23,0,0,0
BRDA:23,0,1,5
BRDA:25,1,0,0
BRDA:25,2,0,10
BRDA:25,2,1,10
BRDA:29,3,0,10
BRDA:29,3,1,0
BRDA:31,4,0,10
BRDA:31,4,1,10
BRF:9
BRH:6
end_of_record
TN:
SF:src\modules\auth\auth.controller.ts
FN:22,(anonymous_4)
FN:29,(anonymous_5)
FN:55,(anonymous_6)
FN:79,(anonymous_7)
FN:83,(anonymous_8)
FN:107,(anonymous_9)
FNF:6
FNH:5
FNDA:5,(anonymous_4)
FNDA:2,(anonymous_5)
FNDA:1,(anonymous_6)
FNDA:0,(anonymous_7)
FNDA:1,(anonymous_8)
FNDA:1,(anonymous_9)
DA:1,5
DA:10,5
DA:12,5
DA:13,5
DA:15,5
DA:16,5
DA:17,5
DA:18,5
DA:21,5
DA:23,5
DA:24,5
DA:29,5
DA:33,2
DA:35,1
DA:41,1
DA:49,1
DA:55,5
DA:60,1
DA:66,1
DA:74,1
DA:79,5
DA:83,5
DA:87,1
DA:93,1
DA:101,1
DA:107,5
DA:111,1
DA:112,1
DA:113,1
LF:29
LH:29
BRF:0
BRH:0
end_of_record
TN:
SF:src\modules\auth\auth.module.ts
FNF:0
FNH:0
DA:1,5
DA:2,5
DA:3,5
DA:4,5
DA:5,5
DA:6,5
DA:7,5
DA:8,5
DA:9,5
DA:10,5
DA:11,5
DA:12,5
DA:13,5
DA:14,5
DA:15,5
DA:19,5
DA:46,5
LF:17
LH:17
BRF:0
BRH:0
end_of_record
TN:
SF:src\modules\auth\dto\login.dto.ts
FNF:0
FNH:0
DA:1,6
DA:2,6
DA:10,6
DA:14,6
DA:24,6
LF:5
LH:5
BRF:0
BRH:0
end_of_record
TN:
SF:src\modules\auth\guards\gql-jwt-auth.guard.ts
FN:7,(anonymous_1)
FNF:1
FNH:0
FNDA:0,(anonymous_1)
DA:1,5
DA:2,5
DA:3,5
DA:6,5
DA:8,0
DA:9,0
LF:6
LH:4
BRF:0
BRH:0
end_of_record
TN:
SF:src\modules\auth\guards\jwt-auth.guard.ts
FN:7,(anonymous_1)
FNF:1
FNH:1
FNDA:1,(anonymous_1)
DA:1,5
DA:2,5
DA:6,5
DA:10,1
LF:4
LH:4
BRF:0
BRH:0
end_of_record
TN:
SF:src\modules\auth\schemas\refresh-token.schema.ts
FNF:0
FNH:0
DA:1,6
DA:2,6
DA:11,6
DA:13,6
DA:16,6
DA:19,6
LF:6
LH:6
BRF:0
BRH:0
end_of_record
TN:
SF:src\modules\auth\services\auth.service.ts
FN:15,(anonymous_2)
FN:17,(anonymous_3)
FN:31,(anonymous_4)
FN:33,(anonymous_5)
FNF:4
FNH:4
FNDA:11,(anonymous_2)
FNDA:5,(anonymous_3)
FNDA:3,(anonymous_4)
FNDA:3,(anonymous_5)
DA:1,6
DA:6,6
DA:7,6
DA:14,6
DA:15,11
DA:18,5
DA:19,5
DA:23,3
DA:27,2
DA:28,2
DA:33,3
DA:35,3
DA:37,3
DA:39,3
DA:40,2
DA:41,1
DA:45,1
DA:48,1
LF:18
LH:18
BRDA:19,0,0,3
BRDA:20,1,0,5
BRDA:20,1,1,3
BRDA:33,2,0,3
BRDA:33,2,1,0
BRDA:35,3,0,0
BRDA:39,4,0,2
BRDA:40,5,0,1
BRDA:52,6,0,1
BRDA:52,6,1,1
BRF:10
BRH:8
end_of_record
TN:
SF:src\modules\auth\services\token.service.ts
FN:12,(anonymous_4)
FN:18,(anonymous_5)
FN:34,(anonymous_6)
FN:60,(anonymous_7)
FNF:4
FNH:4
FNDA:10,(anonymous_4)
FNDA:4,(anonymous_5)
FNDA:6,(anonymous_6)
FNDA:2,(anonymous_7)
DA:1,6
DA:2,6
DA:4,6
DA:5,6
DA:6,6
DA:7,6
DA:8,6
DA:11,6
DA:13,10
DA:15,10
DA:25,4
DA:29,4
DA:31,3
DA:35,6
DA:36,6
DA:41,6
DA:46,6
DA:48,6
DA:54,6
DA:61,2
LF:20
LH:20
BRDA:29,0,0,1
BRF:1
BRH:1
end_of_record
TN:
SF:src\modules\auth\strategies\google.strategy.ts
FN:10,(anonymous_2)
FN:19,(anonymous_3)
FNF:2
FNH:1
FNDA:5,(anonymous_2)
FNDA:0,(anonymous_3)
DA:1,5
DA:2,5
DA:3,5
DA:4,5
DA:6,5
DA:9,5
DA:10,5
DA:11,5
DA:20,0
DA:21,0
LF:10
LH:8
BRF:0
BRH:0
end_of_record
TN:
SF:src\modules\auth\strategies\jwt.strategy.ts
FN:11,(anonymous_2)
FN:19,(anonymous_3)
FNF:2
FNH:2
FNDA:5,(anonymous_2)
FNDA:1,(anonymous_3)
DA:1,5
DA:2,5
DA:3,5
DA:4,5
DA:7,5
DA:10,5
DA:11,5
DA:12,5
DA:20,1
DA:21,1
DA:22,1
LF:11
LH:11
BRDA:21,0,0,0
BRF:1
BRH:0
end_of_record
TN:
SF:src\modules\auth\strategies\refresh-jwt.strategy.ts
FN:20,(anonymous_2)
FN:26,(anonymous_3)
FN:33,(anonymous_4)
FNF:3
FNH:3
FNDA:5,(anonymous_2)
FNDA:1,(anonymous_3)
FNDA:1,(anonymous_4)
DA:1,5
DA:6,5
DA:8,5
DA:10,5
DA:11,5
DA:13,5
DA:16,5
DA:21,5
DA:22,5
DA:24,5
DA:26,1
DA:34,1
DA:35,1
DA:37,1
DA:42,1
DA:44,1
DA:46,1
DA:48,1
LF:18
LH:18
BRDA:35,0,0,0
BRDA:42,1,0,0
BRDA:46,2,0,0
BRF:3
BRH:0
end_of_record
TN:
SF:src\modules\users\users.module.ts
FNF:0
FNH:0
DA:1,5
DA:2,5
DA:3,5
DA:4,5
DA:5,5
DA:6,5
DA:14,5
LF:7
LH:7
BRF:0
BRH:0
end_of_record
TN:
SF:src\modules\users\users.resolver.ts
FN:15,(anonymous_4)
FN:18,(anonymous_5)
FN:23,(anonymous_6)
FN:28,(anonymous_7)
FN:35,(anonymous_8)
FN:42,(anonymous_9)
FN:47,(anonymous_10)
FN:55,(anonymous_11)
FN:17,(anonymous_12)
FN:22,(anonymous_13)
FN:27,(anonymous_14)
FN:28,(anonymous_15)
FN:34,(anonymous_16)
FN:41,(anonymous_17)
FN:46,(anonymous_18)
FN:47,(anonymous_19)
FN:53,(anonymous_20)
FN:13,(anonymous_21)
FNF:18
FNH:17
FNDA:5,(anonymous_4)
FNDA:1,(anonymous_5)
FNDA:1,(anonymous_6)
FNDA:2,(anonymous_7)
FNDA:2,(anonymous_8)
FNDA:1,(anonymous_9)
FNDA:2,(anonymous_10)
FNDA:0,(anonymous_11)
FNDA:10,(anonymous_12)
FNDA:10,(anonymous_13)
FNDA:10,(anonymous_14)
FNDA:5,(anonymous_15)
FNDA:10,(anonymous_16)
FNDA:10,(anonymous_17)
FNDA:10,(anonymous_18)
FNDA:5,(anonymous_19)
FNDA:10,(anonymous_20)
FNDA:10,(anonymous_21)
DA:1,5
DA:2,5
DA:3,5
DA:4,5
DA:6,5
DA:7,5
DA:8,5
DA:9,5
DA:10,5
DA:11,5
DA:13,10
DA:14,5
DA:15,5
DA:17,10
DA:18,5
DA:19,1
DA:22,10
DA:23,5
DA:24,1
DA:27,10
DA:28,5
DA:29,2
DA:30,1
DA:31,1
DA:34,10
DA:35,5
DA:36,2
DA:37,1
DA:38,1
DA:41,10
DA:42,5
DA:43,1
DA:46,10
DA:47,5
DA:48,2
DA:49,1
DA:50,1
DA:53,10
DA:55,5
DA:56,0
LF:40
LH:39
BRDA:29,0,0,1
BRDA:29,1,0,2
BRDA:29,1,1,2
BRDA:36,2,0,1
BRDA:36,3,0,2
BRDA:36,3,1,2
BRDA:48,4,0,1
BRDA:48,5,0,2
BRDA:48,5,1,2
BRF:9
BRH:9
end_of_record
TN:
SF:src\modules\users\users.service.ts
FN:18,(anonymous_4)
FN:20,(anonymous_5)
FN:38,(anonymous_6)
FN:42,(anonymous_7)
FN:46,(anonymous_8)
FN:52,(anonymous_9)
FN:66,(anonymous_10)
FNF:7
FNH:7
FNDA:24,(anonymous_4)
FNDA:6,(anonymous_5)
FNDA:3,(anonymous_6)
FNDA:14,(anonymous_7)
FNDA:3,(anonymous_8)
FNDA:6,(anonymous_9)
FNDA:3,(anonymous_10)
DA:1,8
DA:2,8
DA:10,8
DA:11,8
DA:12,8
DA:17,8
DA:18,24
DA:21,6
DA:23,6
DA:24,5
DA:26,5
DA:27,2
DA:29,3
DA:30,3
DA:31,3
DA:32,3
DA:35,1
DA:39,3
DA:43,14
DA:47,3
DA:53,6
DA:54,6
DA:55,6
DA:56,4
DA:57,4
DA:58,2
DA:59,2
DA:67,3
DA:68,3
LF:29
LH:29
BRDA:23,0,0,5
BRDA:26,1,0,2
BRDA:55,2,0,2
BRDA:57,3,0,2
BRF:4
BRH:4
end_of_record
TN:
SF:src\modules\users\dto\create-user.input.ts
FNF:0
FNH:0
DA:1,7
DA:2,7
DA:10,7
DA:11,7
DA:14,7
DA:18,7
DA:23,7
DA:30,7
DA:34,7
DA:43,7
DA:48,7
DA:52,7
LF:12
LH:12
BRF:0
BRH:0
end_of_record
TN:
SF:src\modules\users\dto\reset-pass.input.ts
FNF:0
FNH:0
DA:1,6
DA:2,6
DA:3,6
DA:4,6
DA:7,6
DA:10,6
DA:19,6
DA:31,6
DA:37,6
LF:9
LH:9
BRF:0
BRH:0
end_of_record
TN:
SF:src\modules\users\dto\update-user.input.ts
FN:8,(anonymous_2)
FNF:1
FNH:1
FNDA:5,(anonymous_2)
DA:1,6
DA:2,6
DA:3,6
DA:4,6
DA:7,6
DA:8,5
DA:11,6
DA:14,6
DA:17,6
DA:20,6
DA:23,6
LF:11
LH:11
BRF:0
BRH:0
end_of_record
TN:
SF:src\modules\users\entities\user.entity.ts
FN:6,(anonymous_2)
FN:9,(anonymous_3)
FN:12,(anonymous_4)
FN:18,(anonymous_5)
FN:21,(anonymous_6)
FN:24,(anonymous_7)
FNF:6
FNH:6
FNDA:15,(anonymous_2)
FNDA:15,(anonymous_3)
FNDA:15,(anonymous_4)
FNDA:15,(anonymous_5)
FNDA:15,(anonymous_6)
FNDA:15,(anonymous_7)
DA:1,5
DA:5,5
DA:6,15
DA:7,5
DA:9,15
DA:10,5
DA:12,15
DA:13,5
DA:16,5
DA:18,15
DA:19,5
DA:21,15
DA:22,5
DA:24,15
DA:25,5
DA:28,5
LF:16
LH:16
BRF:0
BRH:0
end_of_record
TN:
SF:src\modules\users\schemas\user.schema.ts
FNF:0
FNH:0
DA:1,8
DA:2,8
DA:16,8
DA:18,8
DA:21,8
DA:24,8
DA:27,8
DA:30,8
DA:33,8
DA:36,8
DA:39,8
DA:42,8
DA:45,8
LF:13
LH:13
BRF:0
BRH:0
end_of_record
TN:
SF:src\mongodb\mongodb.module.ts
FN:6,(anonymous_1)
FNF:1
FNH:1
FNDA:5,(anonymous_1)
DA:1,5
DA:2,5
DA:5,5
DA:7,5
LF:4
LH:4
BRF:0
BRH:0
end_of_record
